ViT_H_256_20x_texture_pretrained_frozen_vote STARTED
CHECKPOINT FOUND
TERMINATING TRAINING
ViT_H_256_20x_texture_pretrained_frozen_novote STARTED
CHECKPOINT FOUND
TERMINATING TRAINING
ViT_H_256_20x_texture_pretrained_unfrozen_vote STARTED
CHECKPOINT FOUND
TERMINATING TRAINING
ViT_H_256_20x_texture_pretrained_unfrozen_novote STARTED
DATA LOADED
MODEL LOADED
STEPS_PER_EPOCH: 111
VALIDATION STEPS: 13
SETUP DONE
TRAINING STARTED
  0%|          | 0/10 [00:00<?, ?it/s] 10%|█         | 1/10 [11:53<1:47:02, 713.62s/it] 20%|██        | 2/10 [23:38<1:34:29, 708.66s/it] 30%|███       | 3/10 [35:23<1:22:29, 707.06s/it] 40%|████      | 4/10 [47:10<1:10:40, 706.72s/it] 50%|█████     | 5/10 [58:56<58:52, 706.44s/it]   60%|██████    | 6/10 [1:10:41<47:04, 706.20s/it] 70%|███████   | 7/10 [1:22:27<35:18, 706.11s/it] 80%|████████  | 8/10 [1:34:13<23:31, 705.96s/it] 90%|█████████ | 9/10 [1:45:59<11:45, 705.96s/it]100%|██████████| 10/10 [1:57:45<00:00, 705.88s/it]100%|██████████| 10/10 [1:57:45<00:00, 706.51s/it]
TRAINING DONE
TESTING STARTED
  0%|          | 0/10 [00:00<?, ?it/s] 10%|█         | 1/10 [02:21<21:09, 141.10s/it] 20%|██        | 2/10 [04:41<18:45, 140.71s/it] 30%|███       | 3/10 [07:02<16:25, 140.80s/it] 40%|████      | 4/10 [09:23<14:06, 141.07s/it] 50%|█████     | 5/10 [11:45<11:46, 141.38s/it] 60%|██████    | 6/10 [14:07<09:25, 141.43s/it] 70%|███████   | 7/10 [16:28<07:03, 141.30s/it] 80%|████████  | 8/10 [18:50<04:42, 141.46s/it] 90%|█████████ | 9/10 [21:11<02:21, 141.31s/it]100%|██████████| 10/10 [23:32<00:00, 141.39s/it]100%|██████████| 10/10 [23:32<00:00, 141.28s/it]
TESTING DONE
ViT_H_256_20x_heightmap_pretrained_frozen_vote STARTED
CHECKPOINT FOUND
TERMINATING TRAINING
ViT_H_256_20x_heightmap_pretrained_frozen_novote STARTED
CHECKPOINT FOUND
TERMINATING TRAINING
ViT_H_256_20x_heightmap_pretrained_unfrozen_vote STARTED
DATA LOADED
MODEL LOADED
STEPS_PER_EPOCH: 111
VALIDATION STEPS: 13
SETUP DONE
TRAINING STARTED
  0%|          | 0/10 [00:00<?, ?it/s] 10%|█         | 1/10 [11:54<1:47:13, 714.85s/it] 20%|██        | 2/10 [23:41<1:34:38, 709.86s/it] 30%|███       | 3/10 [35:27<1:22:36, 708.11s/it] 40%|████      | 4/10 [47:13<1:10:44, 707.46s/it] 50%|█████     | 5/10 [59:00<58:55, 707.11s/it]   60%|██████    | 6/10 [1:10:46<47:06, 706.69s/it] 70%|███████   | 7/10 [1:22:32<35:19, 706.59s/it] 80%|████████  | 8/10 [1:34:18<23:32, 706.43s/it] 90%|█████████ | 9/10 [1:46:04<11:46, 706.28s/it]100%|██████████| 10/10 [1:57:50<00:00, 706.16s/it]100%|██████████| 10/10 [1:57:50<00:00, 707.04s/it]
TRAINING DONE
TESTING STARTED
  0%|          | 0/10 [00:00<?, ?it/s] 10%|█         | 1/10 [02:21<21:11, 141.27s/it] 20%|██        | 2/10 [04:41<18:47, 140.91s/it] 30%|███       | 3/10 [07:02<16:25, 140.76s/it] 40%|████      | 4/10 [09:23<14:04, 140.75s/it] 50%|█████     | 5/10 [11:44<11:44, 140.90s/it] 60%|██████    | 6/10 [14:05<09:24, 141.11s/it] 70%|███████   | 7/10 [16:26<07:02, 140.96s/it] 80%|████████  | 8/10 [18:47<04:41, 140.96s/it] 90%|█████████ | 9/10 [21:09<02:21, 141.13s/it]100%|██████████| 10/10 [23:29<00:00, 140.95s/it]100%|██████████| 10/10 [23:29<00:00, 140.96s/it]
TESTING DONE
ViT_H_256_20x_heightmap_pretrained_unfrozen_novote STARTED
DATA LOADED
MODEL LOADED
STEPS_PER_EPOCH: 111
VALIDATION STEPS: 13
SETUP DONE
TRAINING STARTED
  0%|          | 0/10 [00:00<?, ?it/s] 10%|█         | 1/10 [11:53<1:46:59, 713.25s/it] 20%|██        | 2/10 [23:40<1:34:36, 709.52s/it] 30%|███       | 3/10 [35:26<1:22:36, 708.04s/it] 40%|████      | 4/10 [47:12<1:10:44, 707.40s/it] 50%|█████     | 5/10 [58:58<58:54, 706.94s/it]   60%|██████    | 6/10 [1:10:45<47:06, 706.75s/it] 70%|███████   | 7/10 [1:22:31<35:19, 706.55s/it] 80%|████████  | 8/10 [1:34:17<23:32, 706.39s/it] 90%|█████████ | 9/10 [1:46:03<11:46, 706.16s/it]100%|██████████| 10/10 [1:57:48<00:00, 706.04s/it]100%|██████████| 10/10 [1:57:49<00:00, 706.90s/it]
TRAINING DONE
TESTING STARTED
  0%|          | 0/10 [00:00<?, ?it/s] 10%|█         | 1/10 [02:21<21:10, 141.20s/it] 20%|██        | 2/10 [04:42<18:49, 141.21s/it] 30%|███       | 3/10 [07:03<16:28, 141.14s/it] 40%|████      | 4/10 [09:24<14:06, 141.13s/it] 50%|█████     | 5/10 [11:45<11:45, 141.04s/it] 60%|██████    | 6/10 [14:05<09:23, 140.81s/it] 70%|███████   | 7/10 [16:26<07:02, 140.80s/it] 80%|████████  | 8/10 [18:47<04:41, 140.85s/it] 90%|█████████ | 9/10 [21:08<02:20, 140.99s/it]100%|██████████| 10/10 [23:29<00:00, 141.00s/it]100%|██████████| 10/10 [23:29<00:00, 140.99s/it]
TESTING DONE
ViT_H_256_50x_texture_pretrained_frozen_vote STARTED
CHECKPOINT FOUND
TERMINATING TRAINING
ViT_H_256_50x_texture_pretrained_frozen_novote STARTED
CHECKPOINT FOUND
TERMINATING TRAINING
ViT_H_256_50x_texture_pretrained_unfrozen_vote STARTED
DATA LOADED
MODEL LOADED
STEPS_PER_EPOCH: 44
VALIDATION STEPS: 5
SETUP DONE
TRAINING STARTED
  0%|          | 0/10 [00:00<?, ?it/s] 10%|█         | 1/10 [04:47<43:08, 287.58s/it] 20%|██        | 2/10 [09:32<38:09, 286.22s/it] 30%|███       | 3/10 [14:17<33:19, 285.63s/it] 40%|████      | 4/10 [19:03<28:33, 285.51s/it] 50%|█████     | 5/10 [23:48<23:46, 285.38s/it] 60%|██████    | 6/10 [28:33<19:01, 285.42s/it] 70%|███████   | 7/10 [33:19<14:16, 285.47s/it] 80%|████████  | 8/10 [38:05<09:31, 285.59s/it] 90%|█████████ | 9/10 [42:50<04:45, 285.65s/it]100%|██████████| 10/10 [47:35<00:00, 285.46s/it]100%|██████████| 10/10 [47:35<00:00, 285.60s/it]
TRAINING DONE
TESTING STARTED
  0%|          | 0/10 [00:00<?, ?it/s] 10%|█         | 1/10 [00:46<06:54, 46.01s/it] 20%|██        | 2/10 [01:30<06:00, 45.02s/it] 30%|███       | 3/10 [02:14<05:13, 44.75s/it] 40%|████      | 4/10 [02:58<04:26, 44.47s/it] 50%|█████     | 5/10 [03:42<03:40, 44.16s/it] 60%|██████    | 6/10 [04:25<02:55, 43.83s/it] 70%|███████   | 7/10 [05:08<02:11, 43.68s/it] 80%|████████  | 8/10 [05:52<01:27, 43.51s/it] 90%|█████████ | 9/10 [06:35<00:43, 43.52s/it]100%|██████████| 10/10 [07:18<00:00, 43.37s/it]100%|██████████| 10/10 [07:18<00:00, 43.87s/it]
TESTING DONE
ViT_H_256_50x_texture_pretrained_unfrozen_novote STARTED
DATA LOADED
MODEL LOADED
STEPS_PER_EPOCH: 44
VALIDATION STEPS: 5
SETUP DONE
TRAINING STARTED
  0%|          | 0/10 [00:00<?, ?it/s] 10%|█         | 1/10 [04:48<43:16, 288.52s/it] 20%|██        | 2/10 [09:29<37:53, 284.20s/it] 30%|███       | 3/10 [14:10<32:59, 282.82s/it] 40%|████      | 4/10 [18:52<28:12, 282.16s/it] 50%|█████     | 5/10 [23:33<23:28, 281.77s/it] 60%|██████    | 6/10 [28:14<18:46, 281.57s/it] 70%|███████   | 7/10 [32:55<14:04, 281.42s/it] 80%|████████  | 8/10 [37:36<09:22, 281.31s/it] 90%|█████████ | 9/10 [42:17<04:41, 281.26s/it]100%|██████████| 10/10 [46:58<00:00, 281.22s/it]100%|██████████| 10/10 [46:58<00:00, 281.88s/it]
TRAINING DONE
TESTING STARTED
  0%|          | 0/10 [00:00<?, ?it/s] 10%|█         | 1/10 [00:45<06:47, 45.32s/it] 20%|██        | 2/10 [01:29<05:56, 44.55s/it] 30%|███       | 3/10 [02:13<05:10, 44.32s/it] 40%|████      | 4/10 [02:57<04:25, 44.25s/it] 50%|█████     | 5/10 [03:41<03:40, 44.10s/it] 60%|██████    | 6/10 [04:24<02:55, 43.93s/it] 70%|███████   | 7/10 [05:09<02:12, 44.06s/it] 80%|████████  | 8/10 [05:52<01:27, 43.88s/it] 90%|█████████ | 9/10 [06:36<00:43, 43.93s/it]100%|██████████| 10/10 [07:20<00:00, 43.92s/it]100%|██████████| 10/10 [07:20<00:00, 44.07s/it]
TESTING DONE
ViT_H_256_50x_heightmap_pretrained_frozen_vote STARTED
CHECKPOINT FOUND
TERMINATING TRAINING
ViT_H_256_50x_heightmap_pretrained_frozen_novote STARTED
CHECKPOINT FOUND
TERMINATING TRAINING
ViT_H_256_50x_heightmap_pretrained_unfrozen_vote STARTED
DATA LOADED
MODEL LOADED
STEPS_PER_EPOCH: 44
VALIDATION STEPS: 5
SETUP DONE
TRAINING STARTED
  0%|          | 0/10 [00:00<?, ?it/s] 10%|█         | 1/10 [04:48<43:17, 288.63s/it] 20%|██        | 2/10 [09:29<37:54, 284.30s/it] 30%|███       | 3/10 [14:11<33:00, 282.88s/it] 40%|████      | 4/10 [18:52<28:13, 282.19s/it] 50%|█████     | 5/10 [23:33<23:29, 281.81s/it] 60%|██████    | 6/10 [28:14<18:46, 281.61s/it] 70%|███████   | 7/10 [32:55<14:04, 281.48s/it] 80%|████████  | 8/10 [37:37<09:22, 281.39s/it] 90%|█████████ | 9/10 [42:18<04:41, 281.33s/it]100%|██████████| 10/10 [46:59<00:00, 281.31s/it]100%|██████████| 10/10 [46:59<00:00, 281.95s/it]
TRAINING DONE
TESTING STARTED
  0%|          | 0/10 [00:00<?, ?it/s] 10%|█         | 1/10 [00:57<08:33, 57.07s/it] 20%|██        | 2/10 [01:45<06:56, 52.04s/it] 30%|███       | 3/10 [02:32<05:46, 49.56s/it] 40%|████      | 4/10 [03:19<04:53, 48.84s/it] 50%|█████     | 5/10 [04:08<04:03, 48.71s/it] 60%|██████    | 6/10 [04:57<03:14, 48.70s/it] 70%|███████   | 7/10 [05:45<02:25, 48.55s/it] 80%|████████  | 8/10 [06:33<01:36, 48.28s/it] 90%|█████████ | 9/10 [07:22<00:48, 48.71s/it]100%|██████████| 10/10 [08:12<00:00, 48.90s/it]100%|██████████| 10/10 [08:12<00:00, 49.20s/it]
TESTING DONE
ViT_H_256_50x_heightmap_pretrained_unfrozen_novote STARTED
DATA LOADED
MODEL LOADED
STEPS_PER_EPOCH: 44
VALIDATION STEPS: 5
SETUP DONE
TRAINING STARTED
  0%|          | 0/10 [00:00<?, ?it/s] 10%|█         | 1/10 [05:00<45:07, 300.89s/it] 20%|██        | 2/10 [09:45<38:51, 291.38s/it] 30%|███       | 3/10 [14:26<33:27, 286.73s/it] 40%|████      | 4/10 [19:08<28:27, 284.57s/it] 50%|█████     | 5/10 [23:49<23:36, 283.33s/it] 60%|██████    | 6/10 [28:30<18:50, 282.69s/it] 70%|███████   | 7/10 [33:11<14:06, 282.20s/it] 80%|████████  | 8/10 [37:53<09:23, 281.92s/it] 90%|█████████ | 9/10 [42:34<04:41, 281.78s/it]100%|██████████| 10/10 [47:15<00:00, 281.60s/it]100%|██████████| 10/10 [47:15<00:00, 283.58s/it]
TRAINING DONE
TESTING STARTED
  0%|          | 0/10 [00:00<?, ?it/s] 10%|█         | 1/10 [00:50<07:32, 50.33s/it] 20%|██        | 2/10 [01:39<06:35, 49.45s/it] 30%|███       | 3/10 [02:28<05:45, 49.42s/it] 40%|████      | 4/10 [03:18<04:58, 49.76s/it] 50%|█████     | 5/10 [04:07<04:07, 49.52s/it] 60%|██████    | 6/10 [04:56<03:16, 49.17s/it] 70%|███████   | 7/10 [05:45<02:27, 49.02s/it] 80%|████████  | 8/10 [06:33<01:37, 48.82s/it] 90%|█████████ | 9/10 [07:24<00:49, 49.39s/it]100%|██████████| 10/10 [08:11<00:00, 48.89s/it]100%|██████████| 10/10 [08:11<00:00, 49.19s/it]
TESTING DONE
ViT_H_256_20x+50x_texture_pretrained_frozen_vote STARTED
CHECKPOINT FOUND
TERMINATING TRAINING
ViT_H_256_20x+50x_texture_pretrained_frozen_novote STARTED
CHECKPOINT FOUND
TERMINATING TRAINING
ViT_H_256_20x+50x_texture_pretrained_unfrozen_vote STARTED
DATA LOADED
MODEL LOADED
STEPS_PER_EPOCH: 71
VALIDATION STEPS: 8
SETUP DONE
TRAINING STARTED
  0%|          | 0/10 [00:00<?, ?it/s] 10%|█         | 1/10 [07:49<1:10:28, 469.85s/it] 20%|██        | 2/10 [15:21<1:01:12, 459.09s/it] 30%|███       | 3/10 [22:52<53:08, 455.52s/it]   40%|████      | 4/10 [30:23<45:23, 453.86s/it] 50%|█████     | 5/10 [37:55<37:45, 453.02s/it] 60%|██████    | 6/10 [45:27<30:10, 452.51s/it] 70%|███████   | 7/10 [52:58<22:36, 452.32s/it] 80%|████████  | 8/10 [1:00:30<15:04, 452.02s/it] 90%|█████████ | 9/10 [1:08:01<07:31, 451.79s/it]100%|██████████| 10/10 [1:15:32<00:00, 451.61s/it]100%|██████████| 10/10 [1:15:32<00:00, 453.28s/it]
TRAINING DONE
TESTING STARTED
  0%|          | 0/10 [00:00<?, ?it/s] 10%|█         | 1/10 [01:11<10:43, 71.50s/it] 20%|██        | 2/10 [02:18<09:09, 68.65s/it] 30%|███       | 3/10 [03:26<07:58, 68.31s/it] 40%|████      | 4/10 [04:31<06:44, 67.34s/it] 50%|█████     | 5/10 [05:38<05:35, 67.15s/it] 60%|██████    | 6/10 [06:41<04:22, 65.56s/it] 70%|███████   | 7/10 [07:45<03:15, 65.21s/it] 80%|████████  | 8/10 [08:49<02:09, 64.69s/it] 90%|█████████ | 9/10 [09:54<01:04, 64.91s/it]100%|██████████| 10/10 [10:58<00:00, 64.50s/it]100%|██████████| 10/10 [10:58<00:00, 65.82s/it]
TESTING DONE
ViT_H_256_20x+50x_texture_pretrained_unfrozen_novote STARTED
DATA LOADED
MODEL LOADED
STEPS_PER_EPOCH: 71
VALIDATION STEPS: 8
SETUP DONE
TRAINING STARTED
  0%|          | 0/10 [00:00<?, ?it/s] 10%|█         | 1/10 [07:42<1:09:24, 462.73s/it] 20%|██        | 2/10 [15:13<1:00:47, 455.93s/it] 30%|███       | 3/10 [22:44<52:55, 453.69s/it]   40%|████      | 4/10 [30:16<45:16, 452.67s/it] 50%|█████     | 5/10 [37:47<37:40, 452.12s/it] 60%|██████    | 6/10 [45:18<30:07, 451.78s/it] 70%|███████   | 7/10 [52:49<22:34, 451.57s/it] 80%|████████  | 8/10 [1:00:20<15:02, 451.44s/it] 90%|█████████ | 9/10 [1:07:51<07:31, 451.35s/it]100%|██████████| 10/10 [1:15:23<00:00, 451.34s/it]100%|██████████| 10/10 [1:15:23<00:00, 452.31s/it]
TRAINING DONE
TESTING STARTED
  0%|          | 0/10 [00:00<?, ?it/s] 10%|█         | 1/10 [01:13<11:00, 73.34s/it] 20%|██        | 2/10 [02:25<09:42, 72.84s/it] 30%|███       | 3/10 [03:36<08:22, 71.85s/it] 40%|████      | 4/10 [04:49<07:13, 72.17s/it] 50%|█████     | 5/10 [05:57<05:54, 70.96s/it] 60%|██████    | 6/10 [07:08<04:43, 70.81s/it] 70%|███████   | 7/10 [08:19<03:32, 70.97s/it] 80%|████████  | 8/10 [09:33<02:23, 71.80s/it] 90%|█████████ | 9/10 [10:48<01:12, 72.85s/it]100%|██████████| 10/10 [12:00<00:00, 72.43s/it]100%|██████████| 10/10 [12:00<00:00, 72.00s/it]
TESTING DONE
ViT_H_256_20x+50x_heightmap_pretrained_frozen_vote STARTED
CHECKPOINT FOUND
TERMINATING TRAINING
ViT_H_256_20x+50x_heightmap_pretrained_frozen_novote STARTED
CHECKPOINT FOUND
TERMINATING TRAINING
ViT_H_256_20x+50x_heightmap_pretrained_unfrozen_vote STARTED
DATA LOADED
MODEL LOADED
STEPS_PER_EPOCH: 71
VALIDATION STEPS: 8
SETUP DONE
TRAINING STARTED
  0%|          | 0/10 [00:00<?, ?it/s] 10%|█         | 1/10 [07:51<1:10:44, 471.63s/it] 20%|██        | 2/10 [15:22<1:01:17, 459.63s/it] 30%|███       | 3/10 [22:54<53:11, 455.94s/it]   40%|████      | 4/10 [30:25<45:24, 454.11s/it] 50%|█████     | 5/10 [37:56<37:45, 453.05s/it] 60%|██████    | 6/10 [45:27<30:09, 452.39s/it] 70%|███████   | 7/10 [52:59<22:36, 452.00s/it] 80%|████████  | 8/10 [1:00:30<15:03, 451.72s/it] 90%|█████████ | 9/10 [1:08:01<07:31, 451.56s/it]100%|██████████| 10/10 [1:15:32<00:00, 451.44s/it]100%|██████████| 10/10 [1:15:32<00:00, 453.27s/it]
TRAINING DONE
TESTING STARTED
  0%|          | 0/10 [00:00<?, ?it/s] 10%|█         | 1/10 [01:03<09:33, 63.67s/it] 20%|██        | 2/10 [02:04<08:14, 61.80s/it] 30%|███       | 3/10 [03:05<07:10, 61.54s/it] 40%|████      | 4/10 [04:05<06:05, 60.96s/it] 50%|█████     | 5/10 [05:04<05:01, 60.35s/it] 60%|██████    | 6/10 [06:05<04:01, 60.48s/it] 70%|███████   | 7/10 [07:05<03:00, 60.21s/it] 80%|████████  | 8/10 [08:05<02:00, 60.17s/it] 90%|█████████ | 9/10 [09:06<01:00, 60.42s/it]100%|██████████| 10/10 [10:07<00:00, 60.76s/it]100%|██████████| 10/10 [10:07<00:00, 60.77s/it]
TESTING DONE
ViT_H_256_20x+50x_heightmap_pretrained_unfrozen_novote STARTED
DATA LOADED
MODEL LOADED
STEPS_PER_EPOCH: 71
VALIDATION STEPS: 8
SETUP DONE
TRAINING STARTED
  0%|          | 0/10 [00:00<?, ?it/s] 10%|█         | 1/10 [07:39<1:08:54, 459.40s/it] 20%|██        | 2/10 [15:10<1:00:37, 454.63s/it] 30%|███       | 3/10 [22:41<52:51, 453.03s/it]   40%|████      | 4/10 [30:12<45:13, 452.27s/it] 50%|█████     | 5/10 [37:43<37:39, 451.84s/it] 60%|██████    | 6/10 [45:15<30:06, 451.61s/it] 70%|███████   | 7/10 [52:46<22:34, 451.41s/it] 80%|████████  | 8/10 [1:00:17<15:02, 451.31s/it] 90%|█████████ | 9/10 [1:07:48<07:31, 451.23s/it]100%|██████████| 10/10 [1:15:19<00:00, 451.16s/it]100%|██████████| 10/10 [1:15:19<00:00, 451.93s/it]
TRAINING DONE
TESTING STARTED
  0%|          | 0/10 [00:00<?, ?it/s] 10%|█         | 1/10 [01:04<09:39, 64.37s/it] 20%|██        | 2/10 [02:05<08:18, 62.33s/it] 30%|███       | 3/10 [03:05<07:09, 61.33s/it] 40%|████      | 4/10 [04:08<06:12, 62.02s/it] 50%|█████     | 5/10 [05:08<05:07, 61.42s/it] 60%|██████    | 6/10 [06:09<04:04, 61.12s/it] 70%|███████   | 7/10 [07:10<03:03, 61.00s/it] 80%|████████  | 8/10 [08:12<02:02, 61.28s/it] 90%|█████████ | 9/10 [09:14<01:01, 61.70s/it]100%|██████████| 10/10 [10:16<00:00, 61.60s/it]100%|██████████| 10/10 [10:16<00:00, 61.60s/it]
TESTING DONE
ViT_H_512_20x_texture_pretrained_frozen_vote STARTED
DATA LOADED
MODEL LOADED
STEPS_PER_EPOCH: 14
VALIDATION STEPS: 2
SETUP DONE
TRAINING STARTED
  0%|          | 0/10 [00:00<?, ?it/s] 10%|█         | 1/10 [00:41<06:12, 41.41s/it] 20%|██        | 2/10 [01:13<04:48, 36.05s/it] 30%|███       | 3/10 [01:46<04:00, 34.34s/it] 40%|████      | 4/10 [02:18<03:21, 33.61s/it] 50%|█████     | 5/10 [02:50<02:46, 33.20s/it] 60%|██████    | 6/10 [03:23<02:11, 32.93s/it] 70%|███████   | 7/10 [03:55<01:38, 32.75s/it] 80%|████████  | 8/10 [04:28<01:05, 32.65s/it] 90%|█████████ | 9/10 [05:00<00:32, 32.60s/it]100%|██████████| 10/10 [05:32<00:00, 32.46s/it]100%|██████████| 10/10 [05:32<00:00, 33.29s/it]
TRAINING DONE
TESTING STARTED
  0%|          | 0/10 [00:00<?, ?it/s] 10%|█         | 1/10 [00:32<04:53, 32.63s/it] 20%|██        | 2/10 [01:01<04:04, 30.62s/it] 30%|███       | 3/10 [01:30<03:27, 29.69s/it] 40%|████      | 4/10 [01:58<02:55, 29.23s/it] 50%|█████     | 5/10 [02:29<02:27, 29.54s/it] 60%|██████    | 6/10 [02:57<01:57, 29.30s/it] 70%|███████   | 7/10 [03:28<01:29, 29.68s/it] 80%|████████  | 8/10 [03:59<01:00, 30.12s/it] 90%|█████████ | 9/10 [04:29<00:29, 29.98s/it]100%|██████████| 10/10 [04:58<00:00, 29.87s/it]100%|██████████| 10/10 [04:58<00:00, 29.87s/it]
TESTING DONE
ViT_H_512_20x_texture_pretrained_frozen_novote STARTED
DATA LOADED
MODEL LOADED
STEPS_PER_EPOCH: 14
VALIDATION STEPS: 2
SETUP DONE
TRAINING STARTED
  0%|          | 0/10 [00:00<?, ?it/s] 10%|█         | 1/10 [00:41<06:15, 41.73s/it] 20%|██        | 2/10 [01:14<04:49, 36.18s/it] 30%|███       | 3/10 [01:46<04:00, 34.39s/it] 40%|████      | 4/10 [02:18<03:21, 33.60s/it] 50%|█████     | 5/10 [02:51<02:45, 33.18s/it] 60%|██████    | 6/10 [03:23<02:11, 32.88s/it] 70%|███████   | 7/10 [03:55<01:38, 32.71s/it] 80%|████████  | 8/10 [04:28<01:05, 32.63s/it] 90%|█████████ | 9/10 [05:00<00:32, 32.57s/it]100%|██████████| 10/10 [05:32<00:00, 32.47s/it]100%|██████████| 10/10 [05:32<00:00, 33.29s/it]
TRAINING DONE
TESTING STARTED
  0%|          | 0/10 [00:00<?, ?it/s] 10%|█         | 1/10 [00:34<05:12, 34.67s/it] 20%|██        | 2/10 [01:04<04:15, 31.99s/it] 30%|███       | 3/10 [01:36<03:42, 31.81s/it] 40%|████      | 4/10 [02:06<03:07, 31.31s/it] 50%|█████     | 5/10 [02:37<02:34, 30.92s/it] 60%|██████    | 6/10 [03:06<02:02, 30.55s/it] 70%|███████   | 7/10 [03:36<01:30, 30.32s/it] 80%|████████  | 8/10 [04:06<01:00, 30.24s/it] 90%|█████████ | 9/10 [04:38<00:30, 30.81s/it]100%|██████████| 10/10 [05:09<00:00, 30.64s/it]100%|██████████| 10/10 [05:09<00:00, 30.92s/it]
TESTING DONE
ViT_H_512_20x_texture_pretrained_unfrozen_vote STARTED
DATA LOADED
MODEL LOADED
STEPS_PER_EPOCH: 14
VALIDATION STEPS: 2
SETUP DONE
TRAINING STARTED
  0%|          | 0/10 [00:00<?, ?it/s] 10%|█         | 1/10 [01:38<14:48, 98.70s/it] 20%|██        | 2/10 [03:09<12:30, 93.85s/it] 30%|███       | 3/10 [04:39<10:45, 92.22s/it] 40%|████      | 4/10 [06:09<09:08, 91.50s/it] 50%|█████     | 5/10 [07:40<07:35, 91.05s/it] 60%|██████    | 6/10 [09:10<06:03, 90.79s/it] 70%|███████   | 7/10 [10:40<04:31, 90.61s/it] 80%|████████  | 8/10 [12:11<03:01, 90.55s/it] 90%|█████████ | 9/10 [13:41<01:30, 90.46s/it]100%|██████████| 10/10 [15:11<00:00, 90.40s/it]100%|██████████| 10/10 [15:11<00:00, 91.16s/it]
TRAINING DONE
TESTING STARTED
  0%|          | 0/10 [00:00<?, ?it/s] 10%|█         | 1/10 [00:32<04:56, 32.95s/it] 20%|██        | 2/10 [01:02<04:07, 30.92s/it] 30%|███       | 3/10 [01:32<03:32, 30.31s/it] 40%|████      | 4/10 [02:00<02:57, 29.61s/it] 50%|█████     | 5/10 [02:29<02:26, 29.20s/it] 60%|██████    | 6/10 [02:57<01:55, 28.80s/it] 70%|███████   | 7/10 [03:25<01:26, 28.80s/it] 80%|████████  | 8/10 [03:54<00:57, 28.66s/it] 90%|█████████ | 9/10 [04:23<00:28, 28.76s/it]100%|██████████| 10/10 [04:53<00:00, 29.25s/it]100%|██████████| 10/10 [04:53<00:00, 29.35s/it]
TESTING DONE
ViT_H_512_20x_texture_pretrained_unfrozen_novote STARTED
DATA LOADED
MODEL LOADED
STEPS_PER_EPOCH: 14
VALIDATION STEPS: 2
SETUP DONE
TRAINING STARTED
  0%|          | 0/10 [00:00<?, ?it/s] 10%|█         | 1/10 [01:40<15:02, 100.27s/it] 20%|██        | 2/10 [03:10<12:36, 94.52s/it]  30%|███       | 3/10 [04:41<10:48, 92.60s/it] 40%|████      | 4/10 [06:11<09:10, 91.73s/it] 50%|█████     | 5/10 [07:42<07:36, 91.31s/it] 60%|██████    | 6/10 [09:12<06:03, 90.98s/it] 70%|███████   | 7/10 [10:42<04:32, 90.76s/it] 80%|████████  | 8/10 [12:13<03:01, 90.67s/it] 90%|█████████ | 9/10 [13:43<01:30, 90.55s/it]100%|██████████| 10/10 [15:13<00:00, 90.44s/it]100%|██████████| 10/10 [15:13<00:00, 91.37s/it]
TRAINING DONE
TESTING STARTED
  0%|          | 0/10 [00:00<?, ?it/s] 10%|█         | 1/10 [00:32<04:56, 32.90s/it] 20%|██        | 2/10 [01:02<04:07, 30.88s/it] 30%|███       | 3/10 [01:31<03:31, 30.29s/it] 40%|████      | 4/10 [02:01<02:59, 29.95s/it] 50%|█████     | 5/10 [02:30<02:28, 29.71s/it] 60%|██████    | 6/10 [02:59<01:57, 29.26s/it] 70%|███████   | 7/10 [03:34<01:33, 31.19s/it] 80%|████████  | 8/10 [04:03<01:00, 30.44s/it] 90%|█████████ | 9/10 [04:31<00:29, 29.92s/it]100%|██████████| 10/10 [05:02<00:00, 30.10s/it]100%|██████████| 10/10 [05:02<00:00, 30.23s/it]
TESTING DONE
ViT_H_512_20x_heightmap_pretrained_frozen_vote STARTED
DATA LOADED
MODEL LOADED
STEPS_PER_EPOCH: 14
VALIDATION STEPS: 2
SETUP DONE
TRAINING STARTED
  0%|          | 0/10 [00:00<?, ?it/s] 10%|█         | 1/10 [00:41<06:09, 41.06s/it] 20%|██        | 2/10 [01:13<04:47, 35.98s/it] 30%|███       | 3/10 [01:45<04:00, 34.29s/it] 40%|████      | 4/10 [02:18<03:21, 33.55s/it] 50%|█████     | 5/10 [02:50<02:45, 33.12s/it] 60%|██████    | 6/10 [03:22<02:11, 32.85s/it] 70%|███████   | 7/10 [03:55<01:38, 32.68s/it] 80%|████████  | 8/10 [04:27<01:05, 32.57s/it] 90%|█████████ | 9/10 [04:59<00:32, 32.49s/it]100%|██████████| 10/10 [05:32<00:00, 32.42s/it]100%|██████████| 10/10 [05:32<00:00, 33.21s/it]
TRAINING DONE
TESTING STARTED
  0%|          | 0/10 [00:00<?, ?it/s] 10%|█         | 1/10 [00:31<04:44, 31.62s/it] 20%|██        | 2/10 [01:01<04:02, 30.31s/it] 30%|███       | 3/10 [01:29<03:24, 29.28s/it] 40%|████      | 4/10 [01:57<02:52, 28.83s/it] 50%|█████     | 5/10 [02:24<02:21, 28.23s/it] 60%|██████    | 6/10 [02:51<01:51, 27.83s/it] 70%|███████   | 7/10 [03:19<01:23, 27.80s/it] 80%|████████  | 8/10 [03:47<00:55, 27.95s/it] 90%|█████████ | 9/10 [04:15<00:28, 28.12s/it]100%|██████████| 10/10 [04:43<00:00, 28.08s/it]100%|██████████| 10/10 [04:43<00:00, 28.39s/it]
TESTING DONE
ViT_H_512_20x_heightmap_pretrained_frozen_novote STARTED
DATA LOADED
MODEL LOADED
STEPS_PER_EPOCH: 14
VALIDATION STEPS: 2
SETUP DONE
TRAINING STARTED
  0%|          | 0/10 [00:00<?, ?it/s] 10%|█         | 1/10 [00:41<06:13, 41.55s/it] 20%|██        | 2/10 [01:14<04:49, 36.20s/it] 30%|███       | 3/10 [01:46<04:01, 34.46s/it] 40%|████      | 4/10 [02:18<03:22, 33.69s/it] 50%|█████     | 5/10 [02:51<02:46, 33.29s/it] 60%|██████    | 6/10 [03:23<02:11, 32.99s/it] 70%|███████   | 7/10 [03:56<01:38, 32.76s/it] 80%|████████  | 8/10 [04:28<01:05, 32.63s/it] 90%|█████████ | 9/10 [05:00<00:32, 32.54s/it]100%|██████████| 10/10 [05:33<00:00, 32.50s/it]100%|██████████| 10/10 [05:33<00:00, 33.33s/it]
TRAINING DONE
TESTING STARTED
  0%|          | 0/10 [00:00<?, ?it/s] 10%|█         | 1/10 [00:31<04:40, 31.18s/it] 20%|██        | 2/10 [00:59<03:54, 29.28s/it] 30%|███       | 3/10 [01:27<03:23, 29.03s/it] 40%|████      | 4/10 [01:58<02:57, 29.50s/it] 50%|█████     | 5/10 [02:27<02:27, 29.49s/it] 60%|██████    | 6/10 [02:55<01:56, 29.05s/it] 70%|███████   | 7/10 [03:23<01:26, 28.77s/it] 80%|████████  | 8/10 [03:51<00:56, 28.49s/it] 90%|█████████ | 9/10 [04:19<00:28, 28.37s/it]100%|██████████| 10/10 [04:48<00:00, 28.49s/it]100%|██████████| 10/10 [04:48<00:00, 28.87s/it]
TESTING DONE
ViT_H_512_20x_heightmap_pretrained_unfrozen_vote STARTED
DATA LOADED
MODEL LOADED
STEPS_PER_EPOCH: 14
VALIDATION STEPS: 2
SETUP DONE
TRAINING STARTED
  0%|          | 0/10 [00:00<?, ?it/s] 10%|█         | 1/10 [01:38<14:48, 98.74s/it] 20%|██        | 2/10 [03:09<12:30, 93.84s/it] 30%|███       | 3/10 [04:39<10:45, 92.17s/it] 40%|████      | 4/10 [06:09<09:08, 91.43s/it] 50%|█████     | 5/10 [07:40<07:35, 91.06s/it] 60%|██████    | 6/10 [09:10<06:03, 90.84s/it] 70%|███████   | 7/10 [10:40<04:32, 90.72s/it] 80%|████████  | 8/10 [12:11<03:01, 90.59s/it] 90%|█████████ | 9/10 [13:41<01:30, 90.52s/it]100%|██████████| 10/10 [15:11<00:00, 90.44s/it]100%|██████████| 10/10 [15:11<00:00, 91.19s/it]
TRAINING DONE
TESTING STARTED
  0%|          | 0/10 [00:00<?, ?it/s] 10%|█         | 1/10 [00:32<04:52, 32.53s/it] 20%|██        | 2/10 [01:02<04:08, 31.07s/it] 30%|███       | 3/10 [01:30<03:28, 29.84s/it] 40%|████      | 4/10 [02:00<02:57, 29.58s/it] 50%|█████     | 5/10 [02:28<02:25, 29.10s/it] 60%|██████    | 6/10 [02:57<01:56, 29.22s/it] 70%|███████   | 7/10 [03:27<01:27, 29.25s/it] 80%|████████  | 8/10 [03:55<00:58, 29.01s/it] 90%|█████████ | 9/10 [04:23<00:28, 28.64s/it]100%|██████████| 10/10 [04:52<00:00, 28.74s/it]100%|██████████| 10/10 [04:52<00:00, 29.25s/it]
TESTING DONE
ViT_H_512_20x_heightmap_pretrained_unfrozen_novote STARTED
DATA LOADED
MODEL LOADED
STEPS_PER_EPOCH: 14
VALIDATION STEPS: 2
SETUP DONE
TRAINING STARTED
  0%|          | 0/10 [00:00<?, ?it/s] 10%|█         | 1/10 [01:40<15:00, 100.02s/it] 20%|██        | 2/10 [03:10<12:35, 94.39s/it]  30%|███       | 3/10 [04:40<10:47, 92.53s/it] 40%|████      | 4/10 [06:11<09:09, 91.65s/it] 50%|█████     | 5/10 [07:41<07:35, 91.15s/it] 60%|██████    | 6/10 [09:11<06:03, 90.86s/it] 70%|███████   | 7/10 [10:41<04:31, 90.67s/it] 80%|████████  | 8/10 [12:12<03:01, 90.53s/it] 90%|█████████ | 9/10 [13:42<01:30, 90.47s/it]100%|██████████| 10/10 [15:12<00:00, 90.40s/it]100%|██████████| 10/10 [15:12<00:00, 91.28s/it]
TRAINING DONE
TESTING STARTED
  0%|          | 0/10 [00:00<?, ?it/s] 10%|█         | 1/10 [00:33<05:04, 33.86s/it] 20%|██        | 2/10 [01:04<04:14, 31.79s/it] 30%|███       | 3/10 [01:35<03:41, 31.71s/it] 40%|████      | 4/10 [02:06<03:07, 31.27s/it] 50%|█████     | 5/10 [02:35<02:32, 30.55s/it] 60%|██████    | 6/10 [03:05<02:00, 30.15s/it] 70%|███████   | 7/10 [03:34<01:29, 29.78s/it] 80%|████████  | 8/10 [04:04<00:59, 29.94s/it] 90%|█████████ | 9/10 [04:34<00:29, 29.96s/it]100%|██████████| 10/10 [05:04<00:00, 30.10s/it]100%|██████████| 10/10 [05:04<00:00, 30.48s/it]
TESTING DONE
ViT_H_512_50x_texture_pretrained_frozen_vote STARTED
DATA LOADED
MODEL LOADED
STEPS_PER_EPOCH: 8
VALIDATION STEPS: 1
SETUP DONE
TRAINING STARTED
  0%|          | 0/10 [00:00<?, ?it/s] 10%|█         | 1/10 [00:21<03:15, 21.69s/it] 20%|██        | 2/10 [00:40<02:40, 20.07s/it] 30%|███       | 3/10 [00:59<02:15, 19.42s/it] 40%|████      | 4/10 [01:17<01:54, 19.05s/it] 50%|█████     | 5/10 [01:36<01:34, 18.85s/it] 60%|██████    | 6/10 [01:54<01:15, 18.76s/it] 70%|███████   | 7/10 [02:14<00:56, 18.90s/it] 80%|████████  | 8/10 [02:32<00:37, 18.80s/it] 90%|█████████ | 9/10 [02:51<00:18, 18.70s/it]100%|██████████| 10/10 [03:09<00:00, 18.61s/it]100%|██████████| 10/10 [03:09<00:00, 18.95s/it]
TRAINING DONE
TESTING STARTED
  0%|          | 0/10 [00:00<?, ?it/s] 10%|█         | 1/10 [00:22<03:18, 22.06s/it] 20%|██        | 2/10 [00:40<02:41, 20.18s/it] 30%|███       | 3/10 [01:00<02:20, 20.01s/it] 40%|████      | 4/10 [01:19<01:56, 19.47s/it] 50%|█████     | 5/10 [01:38<01:36, 19.29s/it] 60%|██████    | 6/10 [01:59<01:19, 19.83s/it] 70%|███████   | 7/10 [02:18<00:59, 19.78s/it] 80%|████████  | 8/10 [02:38<00:39, 19.64s/it] 90%|█████████ | 9/10 [02:56<00:19, 19.31s/it]100%|██████████| 10/10 [03:14<00:00, 18.77s/it]100%|██████████| 10/10 [03:14<00:00, 19.44s/it]
TESTING DONE
ViT_H_512_50x_texture_pretrained_frozen_novote STARTED
DATA LOADED
MODEL LOADED
STEPS_PER_EPOCH: 8
VALIDATION STEPS: 1
SETUP DONE
TRAINING STARTED
  0%|          | 0/10 [00:00<?, ?it/s] 10%|█         | 1/10 [00:27<04:03, 27.01s/it] 20%|██        | 2/10 [00:45<02:56, 22.04s/it] 30%|███       | 3/10 [01:04<02:23, 20.46s/it] 40%|████      | 4/10 [01:22<01:57, 19.66s/it] 50%|█████     | 5/10 [01:41<01:36, 19.27s/it] 60%|██████    | 6/10 [01:59<01:16, 19.02s/it] 70%|███████   | 7/10 [02:18<00:56, 18.82s/it] 80%|████████  | 8/10 [02:36<00:37, 18.70s/it] 90%|█████████ | 9/10 [02:55<00:18, 18.63s/it]100%|██████████| 10/10 [03:13<00:00, 18.57s/it]100%|██████████| 10/10 [03:13<00:00, 19.35s/it]
TRAINING DONE
TESTING STARTED
  0%|          | 0/10 [00:00<?, ?it/s] 10%|█         | 1/10 [00:23<03:28, 23.13s/it] 20%|██        | 2/10 [00:41<02:42, 20.27s/it] 30%|███       | 3/10 [00:58<02:11, 18.80s/it] 40%|████      | 4/10 [01:16<01:51, 18.64s/it] 50%|█████     | 5/10 [01:34<01:32, 18.42s/it] 60%|██████    | 6/10 [01:52<01:12, 18.13s/it] 70%|███████   | 7/10 [02:10<00:53, 17.99s/it] 80%|████████  | 8/10 [02:27<00:35, 17.84s/it] 90%|█████████ | 9/10 [02:46<00:18, 18.25s/it]100%|██████████| 10/10 [03:04<00:00, 18.18s/it]100%|██████████| 10/10 [03:04<00:00, 18.48s/it]
TESTING DONE
ViT_H_512_50x_texture_pretrained_unfrozen_vote STARTED
DATA LOADED
MODEL LOADED
STEPS_PER_EPOCH: 8
VALIDATION STEPS: 1
SETUP DONE
TRAINING STARTED
  0%|          | 0/10 [00:00<?, ?it/s] 10%|█         | 1/10 [00:58<08:48, 58.78s/it] 20%|██        | 2/10 [01:48<07:06, 53.32s/it] 30%|███       | 3/10 [02:37<06:00, 51.51s/it] 40%|████      | 4/10 [03:27<05:04, 50.68s/it] 50%|█████     | 5/10 [04:16<04:11, 50.30s/it] 60%|██████    | 6/10 [05:06<03:20, 50.01s/it] 70%|███████   | 7/10 [05:55<02:29, 49.81s/it] 80%|████████  | 8/10 [06:44<01:39, 49.70s/it] 90%|█████████ | 9/10 [07:34<00:49, 49.61s/it]100%|██████████| 10/10 [08:23<00:00, 49.57s/it]100%|██████████| 10/10 [08:23<00:00, 50.38s/it]
TRAINING DONE
TESTING STARTED
  0%|          | 0/10 [00:00<?, ?it/s] 10%|█         | 1/10 [00:22<03:19, 22.20s/it] 20%|██        | 2/10 [00:39<02:35, 19.47s/it] 30%|███       | 3/10 [00:57<02:10, 18.66s/it] 40%|████      | 4/10 [01:15<01:49, 18.30s/it] 50%|█████     | 5/10 [01:32<01:30, 18.05s/it] 60%|██████    | 6/10 [01:51<01:12, 18.25s/it] 70%|███████   | 7/10 [02:08<00:53, 17.91s/it] 80%|████████  | 8/10 [02:26<00:35, 17.93s/it] 90%|█████████ | 9/10 [02:43<00:17, 17.70s/it]100%|██████████| 10/10 [03:01<00:00, 17.69s/it]100%|██████████| 10/10 [03:01<00:00, 18.15s/it]
TESTING DONE
ViT_H_512_50x_texture_pretrained_unfrozen_novote STARTED
DATA LOADED
MODEL LOADED
STEPS_PER_EPOCH: 8
VALIDATION STEPS: 1
SETUP DONE
TRAINING STARTED
  0%|          | 0/10 [00:00<?, ?it/s] 10%|█         | 1/10 [01:00<09:01, 60.17s/it] 20%|██        | 2/10 [01:49<07:10, 53.80s/it] 30%|███       | 3/10 [02:38<06:02, 51.77s/it] 40%|████      | 4/10 [03:28<05:04, 50.82s/it] 50%|█████     | 5/10 [04:17<04:11, 50.34s/it] 60%|██████    | 6/10 [05:07<03:20, 50.06s/it] 70%|███████   | 7/10 [05:56<02:29, 49.84s/it] 80%|████████  | 8/10 [06:46<01:39, 49.76s/it] 90%|█████████ | 9/10 [07:35<00:49, 49.62s/it]100%|██████████| 10/10 [08:24<00:00, 49.51s/it]100%|██████████| 10/10 [08:24<00:00, 50.48s/it]
TRAINING DONE
TESTING STARTED
  0%|          | 0/10 [00:00<?, ?it/s] 10%|█         | 1/10 [00:19<02:57, 19.77s/it] 20%|██        | 2/10 [00:36<02:23, 17.97s/it] 30%|███       | 3/10 [00:54<02:07, 18.17s/it] 40%|████      | 4/10 [01:11<01:44, 17.47s/it] 50%|█████     | 5/10 [01:28<01:27, 17.46s/it] 60%|██████    | 6/10 [01:46<01:10, 17.52s/it] 70%|███████   | 7/10 [02:03<00:52, 17.52s/it] 80%|████████  | 8/10 [02:21<00:35, 17.67s/it] 90%|█████████ | 9/10 [02:40<00:18, 18.04s/it]100%|██████████| 10/10 [02:58<00:00, 18.00s/it]100%|██████████| 10/10 [02:58<00:00, 17.86s/it]
TESTING DONE
ViT_H_512_50x_heightmap_pretrained_frozen_vote STARTED
DATA LOADED
MODEL LOADED
STEPS_PER_EPOCH: 8
VALIDATION STEPS: 1
SETUP DONE
TRAINING STARTED
  0%|          | 0/10 [00:00<?, ?it/s] 10%|█         | 1/10 [00:28<04:15, 28.44s/it] 20%|██        | 2/10 [00:46<03:00, 22.57s/it] 30%|███       | 3/10 [01:05<02:24, 20.68s/it] 40%|████      | 4/10 [01:23<01:59, 19.88s/it] 50%|█████     | 5/10 [01:42<01:36, 19.37s/it] 60%|██████    | 6/10 [02:00<01:16, 19.05s/it] 70%|███████   | 7/10 [02:19<00:56, 18.85s/it] 80%|████████  | 8/10 [02:37<00:37, 18.73s/it] 90%|█████████ | 9/10 [02:56<00:18, 18.63s/it]100%|██████████| 10/10 [03:14<00:00, 18.56s/it]100%|██████████| 10/10 [03:14<00:00, 19.46s/it]
TRAINING DONE
TESTING STARTED
  0%|          | 0/10 [00:00<?, ?it/s] 10%|█         | 1/10 [00:21<03:09, 21.08s/it] 20%|██        | 2/10 [00:38<02:32, 19.03s/it] 30%|███       | 3/10 [00:57<02:11, 18.75s/it] 40%|████      | 4/10 [01:15<01:51, 18.56s/it] 50%|█████     | 5/10 [01:33<01:31, 18.35s/it] 60%|██████    | 6/10 [01:51<01:12, 18.15s/it] 70%|███████   | 7/10 [02:07<00:53, 17.70s/it] 80%|████████  | 8/10 [02:24<00:34, 17.28s/it] 90%|█████████ | 9/10 [02:41<00:17, 17.24s/it]100%|██████████| 10/10 [02:58<00:00, 17.19s/it]100%|██████████| 10/10 [02:58<00:00, 17.85s/it]
TESTING DONE
ViT_H_512_50x_heightmap_pretrained_frozen_novote STARTED
DATA LOADED
MODEL LOADED
STEPS_PER_EPOCH: 8
VALIDATION STEPS: 1
SETUP DONE
TRAINING STARTED
  0%|          | 0/10 [00:00<?, ?it/s] 10%|█         | 1/10 [00:25<03:45, 25.01s/it] 20%|██        | 2/10 [00:43<02:49, 21.21s/it] 30%|███       | 3/10 [01:02<02:19, 19.98s/it] 40%|████      | 4/10 [01:20<01:56, 19.38s/it] 50%|█████     | 5/10 [01:38<01:35, 19.04s/it] 60%|██████    | 6/10 [01:57<01:15, 18.85s/it] 70%|███████   | 7/10 [02:15<00:56, 18.72s/it] 80%|████████  | 8/10 [02:34<00:37, 18.72s/it] 90%|█████████ | 9/10 [02:53<00:18, 18.65s/it]100%|██████████| 10/10 [03:11<00:00, 18.58s/it]100%|██████████| 10/10 [03:11<00:00, 19.16s/it]
TRAINING DONE
TESTING STARTED
  0%|          | 0/10 [00:00<?, ?it/s] 10%|█         | 1/10 [00:18<02:46, 18.50s/it] 20%|██        | 2/10 [00:34<02:15, 16.99s/it] 30%|███       | 3/10 [00:50<01:57, 16.80s/it] 40%|████      | 4/10 [01:08<01:43, 17.18s/it] 50%|█████     | 5/10 [01:25<01:24, 16.88s/it] 60%|██████    | 6/10 [01:42<01:07, 16.99s/it] 70%|███████   | 7/10 [01:59<00:51, 17.00s/it] 80%|████████  | 8/10 [02:15<00:33, 16.86s/it] 90%|█████████ | 9/10 [02:32<00:16, 16.67s/it]100%|██████████| 10/10 [02:48<00:00, 16.53s/it]100%|██████████| 10/10 [02:48<00:00, 16.84s/it]
TESTING DONE
ViT_H_512_50x_heightmap_pretrained_unfrozen_vote STARTED
DATA LOADED
MODEL LOADED
STEPS_PER_EPOCH: 8
VALIDATION STEPS: 1
SETUP DONE
TRAINING STARTED
  0%|          | 0/10 [00:00<?, ?it/s] 10%|█         | 1/10 [00:58<08:42, 58.07s/it] 20%|██        | 2/10 [01:47<07:04, 53.12s/it] 30%|███       | 3/10 [02:37<06:00, 51.47s/it] 40%|████      | 4/10 [03:26<05:04, 50.78s/it] 50%|█████     | 5/10 [04:17<04:12, 50.55s/it] 60%|██████    | 6/10 [05:06<03:20, 50.16s/it] 70%|███████   | 7/10 [05:55<02:29, 49.92s/it] 80%|████████  | 8/10 [06:45<01:39, 49.75s/it] 90%|█████████ | 9/10 [07:34<00:49, 49.64s/it]100%|██████████| 10/10 [08:24<00:00, 49.56s/it]100%|██████████| 10/10 [08:24<00:00, 50.41s/it]
TRAINING DONE
TESTING STARTED
  0%|          | 0/10 [00:00<?, ?it/s] 10%|█         | 1/10 [00:21<03:16, 21.81s/it] 20%|██        | 2/10 [00:38<02:31, 18.96s/it] 30%|███       | 3/10 [00:57<02:12, 18.93s/it] 40%|████      | 4/10 [01:18<01:58, 19.70s/it] 50%|█████     | 5/10 [01:37<01:37, 19.53s/it] 60%|██████    | 6/10 [01:56<01:17, 19.40s/it] 70%|███████   | 7/10 [02:15<00:57, 19.08s/it] 80%|████████  | 8/10 [02:34<00:37, 18.97s/it] 90%|█████████ | 9/10 [02:52<00:18, 18.84s/it]100%|██████████| 10/10 [03:12<00:00, 19.10s/it]100%|██████████| 10/10 [03:12<00:00, 19.23s/it]
TESTING DONE
ViT_H_512_50x_heightmap_pretrained_unfrozen_novote STARTED
DATA LOADED
MODEL LOADED
STEPS_PER_EPOCH: 8
VALIDATION STEPS: 1
SETUP DONE
TRAINING STARTED
  0%|          | 0/10 [00:00<?, ?it/s] 10%|█         | 1/10 [00:58<08:43, 58.12s/it] 20%|██        | 2/10 [01:47<07:03, 53.00s/it] 30%|███       | 3/10 [02:36<05:59, 51.33s/it] 40%|████      | 4/10 [03:26<05:03, 50.57s/it] 50%|█████     | 5/10 [04:15<04:10, 50.15s/it] 60%|██████    | 6/10 [05:05<03:19, 49.87s/it] 70%|███████   | 7/10 [05:54<02:29, 49.71s/it] 80%|████████  | 8/10 [06:43<01:39, 49.62s/it] 90%|█████████ | 9/10 [07:36<00:50, 50.53s/it]100%|██████████| 10/10 [08:25<00:00, 50.19s/it]100%|██████████| 10/10 [08:25<00:00, 50.58s/it]
TRAINING DONE
TESTING STARTED
  0%|          | 0/10 [00:00<?, ?it/s] 10%|█         | 1/10 [00:20<03:01, 20.14s/it] 20%|██        | 2/10 [00:38<02:31, 18.91s/it] 30%|███       | 3/10 [00:56<02:11, 18.82s/it] 40%|████      | 4/10 [01:14<01:50, 18.48s/it] 50%|█████     | 5/10 [01:33<01:32, 18.54s/it] 60%|██████    | 6/10 [01:52<01:14, 18.63s/it] 70%|███████   | 7/10 [02:09<00:54, 18.33s/it] 80%|████████  | 8/10 [02:27<00:36, 18.15s/it] 90%|█████████ | 9/10 [02:44<00:17, 17.70s/it]100%|██████████| 10/10 [03:01<00:00, 17.39s/it]100%|██████████| 10/10 [03:01<00:00, 18.12s/it]
TESTING DONE
ViT_H_512_20x+50x_texture_pretrained_frozen_vote STARTED
DATA LOADED
MODEL LOADED
STEPS_PER_EPOCH: 11
VALIDATION STEPS: 2
SETUP DONE
TRAINING STARTED
  0%|          | 0/10 [00:00<?, ?it/s] 10%|█         | 1/10 [00:35<05:18, 35.35s/it] 20%|██        | 2/10 [01:01<03:59, 29.99s/it] 30%|███       | 3/10 [01:27<03:16, 28.06s/it] 40%|████      | 4/10 [01:53<02:42, 27.15s/it] 50%|█████     | 5/10 [02:19<02:13, 26.70s/it] 60%|██████    | 6/10 [02:44<01:45, 26.42s/it] 70%|███████   | 7/10 [03:10<01:18, 26.20s/it] 80%|████████  | 8/10 [03:36<00:52, 26.04s/it] 90%|█████████ | 9/10 [04:01<00:25, 25.92s/it]100%|██████████| 10/10 [04:27<00:00, 25.86s/it]100%|██████████| 10/10 [04:27<00:00, 26.77s/it]
TRAINING DONE
TESTING STARTED
  0%|          | 0/10 [00:00<?, ?it/s] 10%|█         | 1/10 [00:22<03:22, 22.50s/it] 20%|██        | 2/10 [00:41<02:42, 20.25s/it] 30%|███       | 3/10 [00:59<02:16, 19.52s/it] 40%|████      | 4/10 [01:17<01:53, 18.93s/it] 50%|█████     | 5/10 [01:36<01:34, 18.91s/it] 60%|██████    | 6/10 [01:55<01:15, 18.84s/it] 70%|███████   | 7/10 [02:14<00:56, 18.88s/it] 80%|████████  | 8/10 [02:35<00:39, 19.61s/it] 90%|█████████ | 9/10 [02:56<00:19, 19.97s/it]100%|██████████| 10/10 [03:16<00:00, 20.06s/it]100%|██████████| 10/10 [03:16<00:00, 19.66s/it]
TESTING DONE
ViT_H_512_20x+50x_texture_pretrained_frozen_novote STARTED
DATA LOADED
MODEL LOADED
STEPS_PER_EPOCH: 11
VALIDATION STEPS: 2
SETUP DONE
TRAINING STARTED
  0%|          | 0/10 [00:00<?, ?it/s] 10%|█         | 1/10 [00:33<05:00, 33.43s/it] 20%|██        | 2/10 [00:59<03:52, 29.05s/it] 30%|███       | 3/10 [01:25<03:12, 27.53s/it] 40%|████      | 4/10 [01:50<02:41, 26.84s/it] 50%|█████     | 5/10 [02:16<02:12, 26.49s/it] 60%|██████    | 6/10 [02:42<01:44, 26.19s/it] 70%|███████   | 7/10 [03:07<01:17, 26.00s/it] 80%|████████  | 8/10 [03:33<00:51, 25.95s/it] 90%|█████████ | 9/10 [03:59<00:25, 25.87s/it]100%|██████████| 10/10 [04:25<00:00, 25.81s/it]100%|██████████| 10/10 [04:25<00:00, 26.52s/it]
TRAINING DONE
TESTING STARTED
  0%|          | 0/10 [00:00<?, ?it/s] 10%|█         | 1/10 [00:32<04:53, 32.57s/it] 20%|██        | 2/10 [00:53<03:23, 25.44s/it] 30%|███       | 3/10 [01:14<02:44, 23.49s/it] 40%|████      | 4/10 [01:35<02:14, 22.50s/it] 50%|█████     | 5/10 [01:55<01:49, 21.82s/it] 60%|██████    | 6/10 [02:16<01:25, 21.32s/it] 70%|███████   | 7/10 [02:35<01:02, 20.81s/it] 80%|████████  | 8/10 [02:55<00:40, 20.42s/it] 90%|█████████ | 9/10 [03:14<00:20, 20.10s/it]100%|██████████| 10/10 [03:33<00:00, 19.79s/it]100%|██████████| 10/10 [03:33<00:00, 21.39s/it]
TESTING DONE
ViT_H_512_20x+50x_texture_pretrained_unfrozen_vote STARTED
DATA LOADED
MODEL LOADED
STEPS_PER_EPOCH: 11
VALIDATION STEPS: 2
SETUP DONE
TRAINING STARTED
  0%|          | 0/10 [00:00<?, ?it/s] 10%|█         | 1/10 [01:20<12:04, 80.54s/it] 20%|██        | 2/10 [02:31<09:58, 74.75s/it] 30%|███       | 3/10 [03:41<08:30, 72.92s/it] 40%|████      | 4/10 [04:52<07:12, 72.02s/it] 50%|█████     | 5/10 [06:03<05:57, 71.54s/it] 60%|██████    | 6/10 [07:14<04:45, 71.27s/it] 70%|███████   | 7/10 [08:24<03:33, 71.11s/it] 80%|████████  | 8/10 [09:35<02:21, 70.99s/it] 90%|█████████ | 9/10 [10:46<01:10, 70.88s/it]100%|██████████| 10/10 [11:56<00:00, 70.80s/it]100%|██████████| 10/10 [11:56<00:00, 71.68s/it]
TRAINING DONE
TESTING STARTED
  0%|          | 0/10 [00:00<?, ?it/s] 10%|█         | 1/10 [00:22<03:25, 22.87s/it] 20%|██        | 2/10 [00:43<02:51, 21.43s/it] 30%|███       | 3/10 [01:02<02:23, 20.44s/it] 40%|████      | 4/10 [01:22<02:01, 20.22s/it] 50%|█████     | 5/10 [01:42<01:41, 20.34s/it] 60%|██████    | 6/10 [02:02<01:20, 20.13s/it] 70%|███████   | 7/10 [02:22<01:00, 20.05s/it] 80%|████████  | 8/10 [02:43<00:40, 20.39s/it] 90%|█████████ | 9/10 [03:04<00:20, 20.43s/it]100%|██████████| 10/10 [03:24<00:00, 20.26s/it]100%|██████████| 10/10 [03:24<00:00, 20.41s/it]
TESTING DONE
ViT_H_512_20x+50x_texture_pretrained_unfrozen_novote STARTED
DATA LOADED
MODEL LOADED
STEPS_PER_EPOCH: 11
VALIDATION STEPS: 2
SETUP DONE
TRAINING STARTED
  0%|          | 0/10 [00:00<?, ?it/s] 10%|█         | 1/10 [01:20<12:00, 80.09s/it] 20%|██        | 2/10 [02:30<09:56, 74.58s/it] 30%|███       | 3/10 [03:41<08:29, 72.77s/it] 40%|████      | 4/10 [04:52<07:11, 71.94s/it] 50%|█████     | 5/10 [06:02<05:57, 71.47s/it] 60%|██████    | 6/10 [07:13<04:44, 71.22s/it] 70%|███████   | 7/10 [08:24<03:33, 71.01s/it] 80%|████████  | 8/10 [09:34<02:21, 70.92s/it] 90%|█████████ | 9/10 [10:45<01:10, 70.82s/it]100%|██████████| 10/10 [11:56<00:00, 70.77s/it]100%|██████████| 10/10 [11:56<00:00, 71.60s/it]
TRAINING DONE
TESTING STARTED
  0%|          | 0/10 [00:00<?, ?it/s] 10%|█         | 1/10 [00:20<03:02, 20.28s/it] 20%|██        | 2/10 [00:38<02:33, 19.17s/it] 30%|███       | 3/10 [00:56<02:08, 18.37s/it] 40%|████      | 4/10 [01:13<01:46, 17.82s/it] 50%|█████     | 5/10 [01:30<01:27, 17.55s/it] 60%|██████    | 6/10 [01:47<01:10, 17.50s/it] 70%|███████   | 7/10 [02:04<00:52, 17.34s/it] 80%|████████  | 8/10 [02:22<00:35, 17.54s/it] 90%|█████████ | 9/10 [02:39<00:17, 17.50s/it]100%|██████████| 10/10 [02:57<00:00, 17.58s/it]100%|██████████| 10/10 [02:57<00:00, 17.77s/it]
TESTING DONE
ViT_H_512_20x+50x_heightmap_pretrained_frozen_vote STARTED
DATA LOADED
MODEL LOADED
STEPS_PER_EPOCH: 11
VALIDATION STEPS: 2
SETUP DONE
TRAINING STARTED
  0%|          | 0/10 [00:00<?, ?it/s] 10%|█         | 1/10 [00:33<05:00, 33.35s/it] 20%|██        | 2/10 [00:59<03:50, 28.87s/it] 30%|███       | 3/10 [01:24<03:12, 27.51s/it] 40%|████      | 4/10 [01:50<02:40, 26.80s/it] 50%|█████     | 5/10 [02:16<02:11, 26.39s/it] 60%|██████    | 6/10 [02:42<01:44, 26.19s/it] 70%|███████   | 7/10 [03:07<01:18, 26.03s/it] 80%|████████  | 8/10 [03:33<00:51, 25.91s/it] 90%|█████████ | 9/10 [03:59<00:25, 25.89s/it]100%|██████████| 10/10 [04:25<00:00, 25.84s/it]100%|██████████| 10/10 [04:25<00:00, 26.51s/it]
TRAINING DONE
TESTING STARTED
  0%|          | 0/10 [00:00<?, ?it/s] 10%|█         | 1/10 [00:19<02:57, 19.77s/it] 20%|██        | 2/10 [00:36<02:22, 17.83s/it] 30%|███       | 3/10 [00:53<02:02, 17.48s/it] 40%|████      | 4/10 [01:09<01:42, 17.12s/it] 50%|█████     | 5/10 [01:27<01:25, 17.16s/it] 60%|██████    | 6/10 [01:43<01:08, 17.00s/it] 70%|███████   | 7/10 [02:00<00:50, 16.79s/it] 80%|████████  | 8/10 [02:16<00:33, 16.76s/it] 90%|█████████ | 9/10 [02:33<00:16, 16.82s/it]100%|██████████| 10/10 [02:50<00:00, 16.87s/it]100%|██████████| 10/10 [02:50<00:00, 17.08s/it]
TESTING DONE
ViT_H_512_20x+50x_heightmap_pretrained_frozen_novote STARTED
DATA LOADED
MODEL LOADED
STEPS_PER_EPOCH: 11
VALIDATION STEPS: 2
SETUP DONE
TRAINING STARTED
  0%|          | 0/10 [00:00<?, ?it/s] 10%|█         | 1/10 [00:33<04:57, 33.08s/it] 20%|██        | 2/10 [00:59<03:51, 28.88s/it] 30%|███       | 3/10 [01:24<03:11, 27.38s/it] 40%|████      | 4/10 [01:50<02:40, 26.71s/it] 50%|█████     | 5/10 [02:15<02:11, 26.30s/it] 60%|██████    | 6/10 [02:41<01:44, 26.07s/it] 70%|███████   | 7/10 [03:07<01:17, 25.93s/it] 80%|████████  | 8/10 [03:32<00:51, 25.83s/it] 90%|█████████ | 9/10 [03:58<00:25, 25.77s/it]100%|██████████| 10/10 [04:24<00:00, 25.76s/it]100%|██████████| 10/10 [04:24<00:00, 26.41s/it]
TRAINING DONE
TESTING STARTED
  0%|          | 0/10 [00:00<?, ?it/s] 10%|█         | 1/10 [00:20<03:02, 20.24s/it] 20%|██        | 2/10 [00:37<02:27, 18.39s/it] 30%|███       | 3/10 [00:54<02:05, 18.00s/it] 40%|████      | 4/10 [01:12<01:45, 17.66s/it] 50%|█████     | 5/10 [01:29<01:27, 17.52s/it] 60%|██████    | 6/10 [01:46<01:09, 17.36s/it] 70%|███████   | 7/10 [02:02<00:51, 17.09s/it] 80%|████████  | 8/10 [02:20<00:34, 17.27s/it] 90%|█████████ | 9/10 [02:37<00:17, 17.22s/it]100%|██████████| 10/10 [02:55<00:00, 17.33s/it]100%|██████████| 10/10 [02:55<00:00, 17.52s/it]
TESTING DONE
ViT_H_512_20x+50x_heightmap_pretrained_unfrozen_vote STARTED
DATA LOADED
MODEL LOADED
STEPS_PER_EPOCH: 11
VALIDATION STEPS: 2
SETUP DONE
TRAINING STARTED
  0%|          | 0/10 [00:00<?, ?it/s] 10%|█         | 1/10 [01:17<11:38, 77.63s/it] 20%|██        | 2/10 [02:28<09:47, 73.50s/it] 30%|███       | 3/10 [03:38<08:25, 72.20s/it] 40%|████      | 4/10 [04:49<07:09, 71.61s/it] 50%|█████     | 5/10 [06:00<05:56, 71.26s/it] 60%|██████    | 6/10 [07:10<04:44, 71.05s/it] 70%|███████   | 7/10 [08:21<03:32, 70.89s/it] 80%|████████  | 8/10 [09:32<02:21, 70.83s/it] 90%|█████████ | 9/10 [10:42<01:10, 70.75s/it]100%|██████████| 10/10 [11:53<00:00, 70.71s/it]100%|██████████| 10/10 [11:53<00:00, 71.33s/it]
TRAINING DONE
TESTING STARTED
  0%|          | 0/10 [00:00<?, ?it/s] 10%|█         | 1/10 [00:19<02:57, 19.72s/it] 20%|██        | 2/10 [00:37<02:26, 18.32s/it] 30%|███       | 3/10 [00:54<02:06, 18.03s/it] 40%|████      | 4/10 [01:12<01:46, 17.79s/it] 50%|█████     | 5/10 [01:29<01:28, 17.63s/it] 60%|██████    | 6/10 [01:46<01:09, 17.34s/it] 70%|███████   | 7/10 [02:03<00:51, 17.15s/it] 80%|████████  | 8/10 [02:19<00:34, 17.04s/it] 90%|█████████ | 9/10 [02:36<00:16, 16.96s/it]100%|██████████| 10/10 [02:53<00:00, 16.86s/it]100%|██████████| 10/10 [02:53<00:00, 17.33s/it]
TESTING DONE
ViT_H_512_20x+50x_heightmap_pretrained_unfrozen_novote STARTED
DATA LOADED
MODEL LOADED
STEPS_PER_EPOCH: 11
VALIDATION STEPS: 2
SETUP DONE
TRAINING STARTED
  0%|          | 0/10 [00:00<?, ?it/s] 10%|█         | 1/10 [01:18<11:46, 78.53s/it] 20%|██        | 2/10 [02:29<09:51, 73.92s/it] 30%|███       | 3/10 [03:40<08:27, 72.50s/it] 40%|████      | 4/10 [04:50<07:10, 71.78s/it] 50%|█████     | 5/10 [06:01<05:56, 71.39s/it] 60%|██████    | 6/10 [07:12<04:44, 71.12s/it] 70%|███████   | 7/10 [08:22<03:32, 70.96s/it] 80%|████████  | 8/10 [09:33<02:21, 70.85s/it] 90%|█████████ | 9/10 [10:45<01:11, 71.19s/it]100%|██████████| 10/10 [11:55<00:00, 71.01s/it]100%|██████████| 10/10 [11:55<00:00, 71.58s/it]
TRAINING DONE
TESTING STARTED
  0%|          | 0/10 [00:00<?, ?it/s] 10%|█         | 1/10 [00:20<03:00, 20.06s/it] 20%|██        | 2/10 [00:36<02:24, 18.07s/it] 30%|███       | 3/10 [00:53<02:02, 17.47s/it] 40%|████      | 4/10 [01:10<01:43, 17.32s/it] 50%|█████     | 5/10 [01:27<01:25, 17.20s/it] 60%|██████    | 6/10 [01:44<01:08, 17.08s/it] 70%|███████   | 7/10 [02:01<00:51, 17.01s/it] 80%|████████  | 8/10 [02:18<00:34, 17.00s/it] 90%|█████████ | 9/10 [02:35<00:16, 16.98s/it]100%|██████████| 10/10 [02:52<00:00, 16.96s/it]100%|██████████| 10/10 [02:52<00:00, 17.21s/it]
TESTING DONE
ViT_H_865_20x_texture_pretrained_frozen_vote STARTED
DATA LOADED
MODEL LOADED
STEPS_PER_EPOCH: 3
VALIDATION STEPS: 1
SETUP DONE
TRAINING STARTED
  0%|          | 0/10 [00:00<?, ?it/s] 10%|█         | 1/10 [00:14<02:14, 14.92s/it] 20%|██        | 2/10 [00:22<01:26, 10.77s/it] 30%|███       | 3/10 [00:30<01:05,  9.42s/it] 40%|████      | 4/10 [00:38<00:52,  8.80s/it] 50%|█████     | 5/10 [00:46<00:42,  8.43s/it] 60%|██████    | 6/10 [00:54<00:33,  8.30s/it] 70%|███████   | 7/10 [01:02<00:24,  8.15s/it] 80%|████████  | 8/10 [01:09<00:16,  8.04s/it] 90%|█████████ | 9/10 [01:17<00:07,  7.99s/it]100%|██████████| 10/10 [01:25<00:00,  7.98s/it]100%|██████████| 10/10 [01:25<00:00,  8.57s/it]
TRAINING DONE
TESTING STARTED
  0%|          | 0/10 [00:00<?, ?it/s] 10%|█         | 1/10 [00:16<02:25, 16.15s/it] 20%|██        | 2/10 [00:29<01:54, 14.37s/it] 30%|███       | 3/10 [00:42<01:35, 13.63s/it] 40%|████      | 4/10 [00:54<01:20, 13.35s/it] 50%|█████     | 5/10 [01:07<01:05, 13.03s/it] 60%|██████    | 6/10 [01:19<00:51, 12.79s/it] 70%|███████   | 7/10 [01:33<00:38, 12.98s/it] 80%|████████  | 8/10 [01:46<00:26, 13.03s/it] 90%|█████████ | 9/10 [01:58<00:12, 12.83s/it]100%|██████████| 10/10 [02:11<00:00, 12.74s/it]100%|██████████| 10/10 [02:11<00:00, 13.12s/it]
TESTING DONE
ViT_H_865_20x_texture_pretrained_frozen_novote STARTED
DATA LOADED
MODEL LOADED
STEPS_PER_EPOCH: 3
VALIDATION STEPS: 1
SETUP DONE
TRAINING STARTED
  0%|          | 0/10 [00:00<?, ?it/s] 10%|█         | 1/10 [00:14<02:14, 14.92s/it] 20%|██        | 2/10 [00:22<01:26, 10.80s/it] 30%|███       | 3/10 [00:30<01:06,  9.45s/it] 40%|████      | 4/10 [00:38<00:52,  8.81s/it] 50%|█████     | 5/10 [00:46<00:42,  8.46s/it] 60%|██████    | 6/10 [00:54<00:32,  8.24s/it] 60%|██████    | 6/10 [01:01<00:41, 10.30s/it]
Traceback (most recent call last):
  File "/ext3/EgoPAT3Dv2/lib/python3.8/site-packages/torch/serialization.py", line 441, in save
    _save(obj, opened_zipfile, pickle_module, pickle_protocol)
  File "/ext3/EgoPAT3Dv2/lib/python3.8/site-packages/torch/serialization.py", line 668, in _save
    zip_file.write_record(name, storage.data_ptr(), num_bytes)
RuntimeError: [enforce fail at inline_container.cc:471] . PytorchStreamWriter failed writing file data/230: file write failed

During handling of the above exception, another exception occurred:

Traceback (most recent call last):
  File "dl_supervised_pipeline.py", line 158, in <module>
    main(args)
  File "dl_supervised_pipeline.py", line 129, in main
    torch.save(model.state_dict(), checkpoint_dir / f'epoch{epoch+1}.pth')
  File "/ext3/EgoPAT3Dv2/lib/python3.8/site-packages/torch/serialization.py", line 442, in save
    return
  File "/ext3/EgoPAT3Dv2/lib/python3.8/site-packages/torch/serialization.py", line 291, in __exit__
    self.file_like.write_end_of_file()
RuntimeError: [enforce fail at inline_container.cc:337] . unexpected pos 921428160 vs 921428048
ViT_H_865_20x_texture_pretrained_unfrozen_vote STARTED
DATA LOADED
MODEL LOADED
STEPS_PER_EPOCH: 3
VALIDATION STEPS: 1
SETUP DONE
TRAINING STARTED
  0%|          | 0/10 [00:00<?, ?it/s]  0%|          | 0/10 [00:22<?, ?it/s]
Traceback (most recent call last):
  File "/ext3/EgoPAT3Dv2/lib/python3.8/site-packages/torch/serialization.py", line 441, in save
    _save(obj, opened_zipfile, pickle_module, pickle_protocol)
  File "/ext3/EgoPAT3Dv2/lib/python3.8/site-packages/torch/serialization.py", line 668, in _save
    zip_file.write_record(name, storage.data_ptr(), num_bytes)
RuntimeError: [enforce fail at inline_container.cc:471] . PytorchStreamWriter failed writing file data/1: file write failed

During handling of the above exception, another exception occurred:

Traceback (most recent call last):
  File "dl_supervised_pipeline.py", line 158, in <module>
    main(args)
  File "dl_supervised_pipeline.py", line 129, in main
    torch.save(model.state_dict(), checkpoint_dir / f'epoch{epoch+1}.pth')
  File "/ext3/EgoPAT3Dv2/lib/python3.8/site-packages/torch/serialization.py", line 442, in save
    return
  File "/ext3/EgoPAT3Dv2/lib/python3.8/site-packages/torch/serialization.py", line 291, in __exit__
    self.file_like.write_end_of_file()
RuntimeError: [enforce fail at inline_container.cc:337] . unexpected pos 86912 vs 86864
ViT_H_865_20x_texture_pretrained_unfrozen_novote STARTED
DATA LOADED
MODEL LOADED
STEPS_PER_EPOCH: 3
VALIDATION STEPS: 1
SETUP DONE
TRAINING STARTED
  0%|          | 0/10 [00:00<?, ?it/s]  0%|          | 0/10 [00:22<?, ?it/s]
Traceback (most recent call last):
  File "/ext3/EgoPAT3Dv2/lib/python3.8/site-packages/torch/serialization.py", line 441, in save
    _save(obj, opened_zipfile, pickle_module, pickle_protocol)
  File "/ext3/EgoPAT3Dv2/lib/python3.8/site-packages/torch/serialization.py", line 668, in _save
    zip_file.write_record(name, storage.data_ptr(), num_bytes)
RuntimeError: [enforce fail at inline_container.cc:471] . PytorchStreamWriter failed writing file data/1: file write failed

During handling of the above exception, another exception occurred:

Traceback (most recent call last):
  File "dl_supervised_pipeline.py", line 158, in <module>
    main(args)
  File "dl_supervised_pipeline.py", line 129, in main
    torch.save(model.state_dict(), checkpoint_dir / f'epoch{epoch+1}.pth')
  File "/ext3/EgoPAT3Dv2/lib/python3.8/site-packages/torch/serialization.py", line 442, in save
    return
  File "/ext3/EgoPAT3Dv2/lib/python3.8/site-packages/torch/serialization.py", line 291, in __exit__
    self.file_like.write_end_of_file()
RuntimeError: [enforce fail at inline_container.cc:337] . unexpected pos 86912 vs 86864
ViT_H_865_20x_heightmap_pretrained_frozen_vote STARTED
DATA LOADED
MODEL LOADED
STEPS_PER_EPOCH: 3
VALIDATION STEPS: 1
SETUP DONE
TRAINING STARTED
  0%|          | 0/10 [00:00<?, ?it/s] 10%|█         | 1/10 [00:13<02:04, 13.85s/it] 20%|██        | 2/10 [00:21<01:22, 10.27s/it] 30%|███       | 3/10 [00:29<01:04,  9.23s/it] 40%|████      | 4/10 [00:37<00:52,  8.67s/it] 50%|█████     | 5/10 [00:45<00:41,  8.38s/it] 60%|██████    | 6/10 [00:53<00:32,  8.23s/it] 70%|███████   | 7/10 [01:00<00:24,  8.08s/it] 80%|████████  | 8/10 [01:08<00:16,  8.00s/it] 90%|█████████ | 9/10 [01:16<00:07,  7.92s/it]100%|██████████| 10/10 [01:24<00:00,  7.87s/it]100%|██████████| 10/10 [01:24<00:00,  8.43s/it]
TRAINING DONE
TESTING STARTED
  0%|          | 0/10 [00:00<?, ?it/s] 10%|█         | 1/10 [00:15<02:22, 15.78s/it] 20%|██        | 2/10 [00:27<01:47, 13.45s/it] 20%|██        | 2/10 [00:27<01:50, 13.80s/it]
Traceback (most recent call last):
  File "dl_supervised_pipeline.py", line 158, in <module>
    main(args)
  File "dl_supervised_pipeline.py", line 142, in main
    model.load_state_dict(torch.load(checkpoint_dir / f'epoch{epoch+1}.pth'))
  File "/ext3/EgoPAT3Dv2/lib/python3.8/site-packages/torch/serialization.py", line 791, in load
    with _open_file_like(f, 'rb') as opened_file:
  File "/ext3/EgoPAT3Dv2/lib/python3.8/site-packages/torch/serialization.py", line 271, in _open_file_like
    return _open_file(name_or_buffer, mode)
  File "/ext3/EgoPAT3Dv2/lib/python3.8/site-packages/torch/serialization.py", line 252, in __init__
    super().__init__(open(name, mode))
FileNotFoundError: [Errno 2] No such file or directory: '/scratch/zf540/LUWA/workspace/experiments/ViT_H/865/20x/heightmap/pretrained/frozen/vote/checkpoints/epoch3.pth'
ViT_H_865_20x_heightmap_pretrained_frozen_novote STARTED
DATA LOADED
MODEL LOADED
STEPS_PER_EPOCH: 3
VALIDATION STEPS: 1
SETUP DONE
TRAINING STARTED
  0%|          | 0/10 [00:00<?, ?it/s] 10%|█         | 1/10 [00:14<02:11, 14.62s/it] 20%|██        | 2/10 [00:22<01:25, 10.63s/it] 30%|███       | 3/10 [00:30<01:05,  9.34s/it] 40%|████      | 4/10 [00:38<00:52,  8.75s/it] 50%|█████     | 5/10 [00:45<00:42,  8.43s/it] 60%|██████    | 6/10 [00:53<00:32,  8.22s/it] 70%|███████   | 7/10 [01:01<00:24,  8.06s/it] 80%|████████  | 8/10 [01:09<00:15,  7.99s/it] 90%|█████████ | 9/10 [01:17<00:07,  7.95s/it]100%|██████████| 10/10 [01:24<00:00,  7.89s/it]100%|██████████| 10/10 [01:24<00:00,  8.50s/it]
TRAINING DONE
TESTING STARTED
  0%|          | 0/10 [00:00<?, ?it/s] 10%|█         | 1/10 [00:16<02:24, 16.05s/it] 20%|██        | 2/10 [00:28<01:51, 13.93s/it] 30%|███       | 3/10 [00:41<01:33, 13.32s/it] 40%|████      | 4/10 [00:54<01:18, 13.16s/it] 50%|█████     | 5/10 [01:07<01:05, 13.10s/it] 60%|██████    | 6/10 [01:19<00:51, 12.89s/it] 70%|███████   | 7/10 [01:32<00:38, 12.99s/it] 80%|████████  | 8/10 [01:45<00:26, 13.09s/it] 90%|█████████ | 9/10 [01:58<00:13, 13.06s/it]100%|██████████| 10/10 [02:12<00:00, 13.07s/it]100%|██████████| 10/10 [02:12<00:00, 13.21s/it]
TESTING DONE
ViT_H_865_20x_heightmap_pretrained_unfrozen_vote STARTED
DATA LOADED
MODEL LOADED
STEPS_PER_EPOCH: 3
VALIDATION STEPS: 1
SETUP DONE
TRAINING STARTED
  0%|          | 0/10 [00:00<?, ?it/s] 10%|█         | 1/10 [00:24<03:44, 24.98s/it] 20%|██        | 2/10 [00:42<02:45, 20.63s/it] 30%|███       | 3/10 [01:00<02:14, 19.26s/it] 40%|████      | 4/10 [01:17<01:51, 18.59s/it] 50%|█████     | 5/10 [01:35<01:31, 18.29s/it] 60%|██████    | 6/10 [01:53<01:12, 18.07s/it] 70%|███████   | 7/10 [02:10<00:53, 17.90s/it] 80%|████████  | 8/10 [02:28<00:35, 17.80s/it] 90%|█████████ | 9/10 [02:45<00:17, 17.75s/it]100%|██████████| 10/10 [03:03<00:00, 17.70s/it]100%|██████████| 10/10 [03:03<00:00, 18.35s/it]
TRAINING DONE
TESTING STARTED
  0%|          | 0/10 [00:00<?, ?it/s] 10%|█         | 1/10 [00:15<02:15, 15.08s/it] 20%|██        | 2/10 [00:27<01:48, 13.57s/it] 30%|███       | 3/10 [00:40<01:32, 13.23s/it] 40%|████      | 4/10 [00:52<01:17, 12.91s/it] 50%|█████     | 5/10 [01:04<01:02, 12.60s/it] 60%|██████    | 6/10 [01:17<00:51, 12.76s/it] 70%|███████   | 7/10 [01:30<00:38, 12.72s/it] 80%|████████  | 8/10 [01:43<00:25, 12.69s/it] 90%|█████████ | 9/10 [01:56<00:12, 12.72s/it]100%|██████████| 10/10 [02:08<00:00, 12.70s/it]100%|██████████| 10/10 [02:08<00:00, 12.87s/it]
TESTING DONE
ViT_H_865_20x_heightmap_pretrained_unfrozen_novote STARTED
DATA LOADED
MODEL LOADED
STEPS_PER_EPOCH: 3
VALIDATION STEPS: 1
SETUP DONE
TRAINING STARTED
  0%|          | 0/10 [00:00<?, ?it/s] 10%|█         | 1/10 [00:26<03:56, 26.33s/it] 20%|██        | 2/10 [00:43<02:49, 21.23s/it] 30%|███       | 3/10 [01:01<02:17, 19.65s/it] 40%|████      | 4/10 [01:19<01:53, 18.86s/it] 50%|█████     | 5/10 [01:37<01:32, 18.43s/it] 60%|██████    | 6/10 [01:54<01:12, 18.16s/it] 70%|███████   | 7/10 [02:12<00:54, 18.02s/it] 80%|████████  | 8/10 [02:30<00:35, 17.88s/it] 90%|█████████ | 9/10 [02:47<00:17, 17.86s/it]100%|██████████| 10/10 [03:05<00:00, 17.80s/it]100%|██████████| 10/10 [03:05<00:00, 18.55s/it]
TRAINING DONE
TESTING STARTED
  0%|          | 0/10 [00:00<?, ?it/s] 10%|█         | 1/10 [00:16<02:25, 16.19s/it] 20%|██        | 2/10 [00:29<01:55, 14.45s/it] 30%|███       | 3/10 [00:41<01:34, 13.50s/it] 40%|████      | 4/10 [00:54<01:20, 13.35s/it] 50%|█████     | 5/10 [01:07<01:04, 12.92s/it] 60%|██████    | 6/10 [01:19<00:50, 12.69s/it] 70%|███████   | 7/10 [01:31<00:37, 12.58s/it] 80%|████████  | 8/10 [01:43<00:24, 12.46s/it] 90%|█████████ | 9/10 [01:56<00:12, 12.57s/it]100%|██████████| 10/10 [02:08<00:00, 12.39s/it]100%|██████████| 10/10 [02:08<00:00, 12.87s/it]
TESTING DONE
ViT_H_865_50x_texture_pretrained_frozen_vote STARTED
DATA LOADED
MODEL LOADED
STEPS_PER_EPOCH: 3
VALIDATION STEPS: 1
SETUP DONE
TRAINING STARTED
  0%|          | 0/10 [00:00<?, ?it/s] 10%|█         | 1/10 [00:15<02:20, 15.57s/it] 20%|██        | 2/10 [00:23<01:30, 11.33s/it] 30%|███       | 3/10 [00:32<01:09,  9.88s/it] 40%|████      | 4/10 [00:40<00:55,  9.19s/it] 50%|█████     | 5/10 [00:48<00:44,  8.82s/it] 60%|██████    | 6/10 [00:56<00:34,  8.66s/it] 70%|███████   | 7/10 [01:04<00:25,  8.51s/it] 80%|████████  | 8/10 [01:13<00:16,  8.41s/it] 90%|█████████ | 9/10 [01:21<00:08,  8.32s/it]100%|██████████| 10/10 [01:29<00:00,  8.28s/it]100%|██████████| 10/10 [01:29<00:00,  8.94s/it]
TRAINING DONE
TESTING STARTED
  0%|          | 0/10 [00:00<?, ?it/s] 10%|█         | 1/10 [00:14<02:07, 14.11s/it] 20%|██        | 2/10 [00:24<01:37, 12.18s/it] 30%|███       | 3/10 [00:36<01:22, 11.86s/it] 40%|████      | 4/10 [00:47<01:08, 11.47s/it] 50%|█████     | 5/10 [00:58<00:56, 11.24s/it] 60%|██████    | 6/10 [01:09<00:45, 11.27s/it] 70%|███████   | 7/10 [01:20<00:34, 11.33s/it] 80%|████████  | 8/10 [01:32<00:22, 11.41s/it] 90%|█████████ | 9/10 [01:43<00:11, 11.33s/it]100%|██████████| 10/10 [01:54<00:00, 11.29s/it]100%|██████████| 10/10 [01:54<00:00, 11.48s/it]
TESTING DONE
ViT_H_865_50x_texture_pretrained_frozen_novote STARTED
DATA LOADED
MODEL LOADED
STEPS_PER_EPOCH: 3
VALIDATION STEPS: 1
SETUP DONE
TRAINING STARTED
  0%|          | 0/10 [00:00<?, ?it/s] 10%|█         | 1/10 [00:14<02:11, 14.66s/it] 20%|██        | 2/10 [00:22<01:26, 10.82s/it] 30%|███       | 3/10 [00:30<01:07,  9.60s/it] 40%|████      | 4/10 [00:39<00:54,  9.06s/it] 50%|█████     | 5/10 [00:47<00:43,  8.76s/it] 60%|██████    | 6/10 [00:55<00:34,  8.55s/it] 70%|███████   | 7/10 [01:03<00:25,  8.42s/it] 80%|████████  | 8/10 [01:11<00:16,  8.33s/it] 90%|█████████ | 9/10 [01:19<00:08,  8.24s/it]100%|██████████| 10/10 [01:27<00:00,  8.21s/it]100%|██████████| 10/10 [01:27<00:00,  8.80s/it]
TRAINING DONE
TESTING STARTED
  0%|          | 0/10 [00:00<?, ?it/s] 10%|█         | 1/10 [00:14<02:09, 14.40s/it] 20%|██        | 2/10 [00:25<01:38, 12.26s/it] 30%|███       | 3/10 [00:36<01:21, 11.69s/it] 40%|████      | 4/10 [00:47<01:09, 11.66s/it] 50%|█████     | 5/10 [00:59<00:58, 11.73s/it] 60%|██████    | 6/10 [01:10<00:46, 11.53s/it] 70%|███████   | 7/10 [01:22<00:34, 11.63s/it] 80%|████████  | 8/10 [01:34<00:23, 11.66s/it] 90%|█████████ | 9/10 [01:46<00:11, 11.77s/it]100%|██████████| 10/10 [01:58<00:00, 11.83s/it]100%|██████████| 10/10 [01:58<00:00, 11.83s/it]
TESTING DONE
ViT_H_865_50x_texture_pretrained_unfrozen_vote STARTED
DATA LOADED
MODEL LOADED
STEPS_PER_EPOCH: 3
VALIDATION STEPS: 1
SETUP DONE
TRAINING STARTED
  0%|          | 0/10 [00:00<?, ?it/s] 10%|█         | 1/10 [00:25<03:52, 25.80s/it] 20%|██        | 2/10 [00:44<02:52, 21.53s/it] 30%|███       | 3/10 [01:02<02:20, 20.14s/it] 40%|████      | 4/10 [01:21<01:56, 19.48s/it] 50%|█████     | 5/10 [01:39<01:35, 19.17s/it] 60%|██████    | 6/10 [01:58<01:15, 18.94s/it] 70%|███████   | 7/10 [02:16<00:56, 18.78s/it] 80%|████████  | 8/10 [02:35<00:37, 18.70s/it] 90%|█████████ | 9/10 [02:53<00:18, 18.64s/it]100%|██████████| 10/10 [03:12<00:00, 18.61s/it]100%|██████████| 10/10 [03:12<00:00, 19.24s/it]
TRAINING DONE
TESTING STARTED
  0%|          | 0/10 [00:00<?, ?it/s] 10%|█         | 1/10 [00:15<02:17, 15.28s/it] 20%|██        | 2/10 [00:26<01:41, 12.70s/it] 30%|███       | 3/10 [00:37<01:25, 12.16s/it] 40%|████      | 4/10 [00:49<01:11, 11.91s/it] 50%|█████     | 5/10 [01:00<00:58, 11.76s/it] 60%|██████    | 6/10 [01:11<00:46, 11.59s/it] 70%|███████   | 7/10 [01:23<00:35, 11.67s/it] 80%|████████  | 8/10 [01:36<00:23, 11.87s/it] 90%|█████████ | 9/10 [01:47<00:11, 11.80s/it]100%|██████████| 10/10 [01:59<00:00, 11.65s/it]100%|██████████| 10/10 [01:59<00:00, 11.91s/it]
TESTING DONE
ViT_H_865_50x_texture_pretrained_unfrozen_novote STARTED
DATA LOADED
MODEL LOADED
STEPS_PER_EPOCH: 3
VALIDATION STEPS: 1
SETUP DONE
TRAINING STARTED
  0%|          | 0/10 [00:00<?, ?it/s] 10%|█         | 1/10 [00:26<03:58, 26.48s/it] 20%|██        | 2/10 [00:44<02:54, 21.76s/it] 30%|███       | 3/10 [01:03<02:21, 20.27s/it] 40%|████      | 4/10 [01:21<01:57, 19.58s/it] 50%|█████     | 5/10 [01:40<01:36, 19.24s/it] 60%|██████    | 6/10 [01:59<01:15, 18.99s/it] 70%|███████   | 7/10 [02:17<00:56, 18.86s/it] 80%|████████  | 8/10 [02:36<00:37, 18.75s/it] 90%|█████████ | 9/10 [02:54<00:18, 18.66s/it]100%|██████████| 10/10 [03:13<00:00, 18.70s/it]100%|██████████| 10/10 [03:13<00:00, 19.35s/it]
TRAINING DONE
TESTING STARTED
  0%|          | 0/10 [00:00<?, ?it/s] 10%|█         | 1/10 [00:14<02:12, 14.74s/it] 20%|██        | 2/10 [00:26<01:41, 12.72s/it] 30%|███       | 3/10 [00:37<01:26, 12.31s/it] 40%|████      | 4/10 [00:48<01:10, 11.79s/it] 50%|█████     | 5/10 [00:59<00:57, 11.52s/it] 60%|██████    | 6/10 [01:10<00:45, 11.33s/it] 70%|███████   | 7/10 [01:22<00:33, 11.30s/it] 80%|████████  | 8/10 [01:33<00:22, 11.42s/it] 90%|█████████ | 9/10 [01:45<00:11, 11.46s/it]100%|██████████| 10/10 [01:56<00:00, 11.48s/it]100%|██████████| 10/10 [01:56<00:00, 11.68s/it]
TESTING DONE
ViT_H_865_50x_heightmap_pretrained_frozen_vote STARTED
DATA LOADED
MODEL LOADED
STEPS_PER_EPOCH: 3
VALIDATION STEPS: 1
SETUP DONE
TRAINING STARTED
  0%|          | 0/10 [00:00<?, ?it/s] 10%|█         | 1/10 [00:15<02:20, 15.62s/it] 20%|██        | 2/10 [00:23<01:29, 11.22s/it] 30%|███       | 3/10 [00:31<01:08,  9.81s/it] 40%|████      | 4/10 [00:39<00:54,  9.13s/it] 50%|█████     | 5/10 [00:48<00:43,  8.78s/it] 60%|██████    | 6/10 [00:56<00:34,  8.60s/it] 70%|███████   | 7/10 [01:04<00:25,  8.47s/it] 80%|████████  | 8/10 [01:12<00:16,  8.36s/it] 90%|█████████ | 9/10 [01:21<00:08,  8.35s/it]100%|██████████| 10/10 [01:29<00:00,  8.28s/it]100%|██████████| 10/10 [01:29<00:00,  8.92s/it]
TRAINING DONE
TESTING STARTED
  0%|          | 0/10 [00:00<?, ?it/s] 10%|█         | 1/10 [00:14<02:09, 14.36s/it] 20%|██        | 2/10 [00:25<01:41, 12.73s/it] 30%|███       | 3/10 [00:37<01:25, 12.23s/it] 40%|████      | 4/10 [00:49<01:13, 12.30s/it] 50%|█████     | 5/10 [01:01<01:00, 12.04s/it] 60%|██████    | 6/10 [01:13<00:48, 12.03s/it] 70%|███████   | 7/10 [01:24<00:35, 11.78s/it] 80%|████████  | 8/10 [01:36<00:23, 11.67s/it] 90%|█████████ | 9/10 [01:48<00:11, 11.71s/it]100%|██████████| 10/10 [01:59<00:00, 11.76s/it]100%|██████████| 10/10 [01:59<00:00, 12.00s/it]
TESTING DONE
ViT_H_865_50x_heightmap_pretrained_frozen_novote STARTED
DATA LOADED
MODEL LOADED
STEPS_PER_EPOCH: 3
VALIDATION STEPS: 1
SETUP DONE
TRAINING STARTED
  0%|          | 0/10 [00:00<?, ?it/s] 10%|█         | 1/10 [00:14<02:14, 14.93s/it] 20%|██        | 2/10 [00:23<01:27, 10.92s/it] 30%|███       | 3/10 [00:31<01:07,  9.62s/it] 40%|████      | 4/10 [00:39<00:54,  9.06s/it] 50%|█████     | 5/10 [00:47<00:43,  8.72s/it] 60%|██████    | 6/10 [00:55<00:34,  8.55s/it] 70%|███████   | 7/10 [01:03<00:25,  8.42s/it] 80%|████████  | 8/10 [01:11<00:16,  8.33s/it] 90%|█████████ | 9/10 [01:20<00:08,  8.28s/it]100%|██████████| 10/10 [01:28<00:00,  8.21s/it]100%|██████████| 10/10 [01:28<00:00,  8.82s/it]
TRAINING DONE
TESTING STARTED
  0%|          | 0/10 [00:00<?, ?it/s] 10%|█         | 1/10 [00:14<02:09, 14.37s/it] 20%|██        | 2/10 [00:25<01:38, 12.30s/it] 30%|███       | 3/10 [00:36<01:24, 12.01s/it] 40%|████      | 4/10 [00:48<01:12, 12.00s/it] 50%|█████     | 5/10 [01:00<00:59, 11.80s/it] 60%|██████    | 6/10 [01:11<00:46, 11.75s/it] 70%|███████   | 7/10 [01:24<00:35, 11.85s/it] 80%|████████  | 8/10 [01:35<00:23, 11.64s/it] 90%|█████████ | 9/10 [01:46<00:11, 11.57s/it]100%|██████████| 10/10 [01:57<00:00, 11.35s/it]100%|██████████| 10/10 [01:57<00:00, 11.75s/it]
TESTING DONE
ViT_H_865_50x_heightmap_pretrained_unfrozen_vote STARTED
DATA LOADED
MODEL LOADED
STEPS_PER_EPOCH: 3
VALIDATION STEPS: 1
SETUP DONE
TRAINING STARTED
  0%|          | 0/10 [00:00<?, ?it/s] 10%|█         | 1/10 [00:24<03:41, 24.62s/it] 20%|██        | 2/10 [00:43<02:48, 21.01s/it] 30%|███       | 3/10 [01:01<02:19, 19.87s/it] 40%|████      | 4/10 [01:20<01:56, 19.33s/it] 50%|█████     | 5/10 [01:38<01:35, 19.06s/it] 60%|██████    | 6/10 [01:57<01:15, 18.87s/it] 70%|███████   | 7/10 [02:15<00:56, 18.74s/it] 80%|████████  | 8/10 [02:34<00:37, 18.68s/it] 90%|█████████ | 9/10 [02:52<00:18, 18.65s/it]100%|██████████| 10/10 [03:11<00:00, 18.63s/it]100%|██████████| 10/10 [03:11<00:00, 19.14s/it]
TRAINING DONE
TESTING STARTED
  0%|          | 0/10 [00:00<?, ?it/s] 10%|█         | 1/10 [00:13<02:05, 13.97s/it] 20%|██        | 2/10 [00:24<01:36, 12.08s/it] 30%|███       | 3/10 [00:35<01:20, 11.54s/it] 40%|████      | 4/10 [00:46<01:07, 11.19s/it] 50%|█████     | 5/10 [00:57<00:56, 11.21s/it] 60%|██████    | 6/10 [01:08<00:44, 11.10s/it] 70%|███████   | 7/10 [01:19<00:33, 11.09s/it] 80%|████████  | 8/10 [01:30<00:22, 11.10s/it] 90%|█████████ | 9/10 [01:42<00:11, 11.21s/it]100%|██████████| 10/10 [01:53<00:00, 11.18s/it]100%|██████████| 10/10 [01:53<00:00, 11.32s/it]
TESTING DONE
ViT_H_865_50x_heightmap_pretrained_unfrozen_novote STARTED
DATA LOADED
MODEL LOADED
STEPS_PER_EPOCH: 3
VALIDATION STEPS: 1
SETUP DONE
TRAINING STARTED
  0%|          | 0/10 [00:00<?, ?it/s] 10%|█         | 1/10 [00:25<03:50, 25.63s/it] 20%|██        | 2/10 [00:44<02:51, 21.44s/it] 30%|███       | 3/10 [01:02<02:21, 20.14s/it] 40%|████      | 4/10 [01:21<01:57, 19.58s/it] 50%|█████     | 5/10 [01:40<01:36, 19.21s/it] 60%|██████    | 6/10 [01:58<01:15, 18.98s/it] 70%|███████   | 7/10 [02:17<00:56, 18.83s/it] 80%|████████  | 8/10 [02:35<00:37, 18.72s/it] 90%|█████████ | 9/10 [02:54<00:18, 18.65s/it]100%|██████████| 10/10 [03:12<00:00, 18.62s/it]100%|██████████| 10/10 [03:12<00:00, 19.26s/it]
TRAINING DONE
TESTING STARTED
  0%|          | 0/10 [00:00<?, ?it/s] 10%|█         | 1/10 [00:15<02:19, 15.47s/it] 20%|██        | 2/10 [00:26<01:44, 13.08s/it] 30%|███       | 3/10 [00:37<01:24, 12.13s/it] 40%|████      | 4/10 [00:49<01:10, 11.74s/it] 50%|█████     | 5/10 [01:00<00:58, 11.70s/it] 60%|██████    | 6/10 [01:11<00:46, 11.51s/it] 70%|███████   | 7/10 [01:22<00:33, 11.27s/it] 80%|████████  | 8/10 [01:33<00:22, 11.26s/it] 90%|█████████ | 9/10 [01:44<00:11, 11.20s/it]100%|██████████| 10/10 [01:55<00:00, 11.11s/it]100%|██████████| 10/10 [01:55<00:00, 11.58s/it]
TESTING DONE
ViT_H_865_20x+50x_texture_pretrained_frozen_vote STARTED
DATA LOADED
MODEL LOADED
STEPS_PER_EPOCH: 3
VALIDATION STEPS: 1
SETUP DONE
TRAINING STARTED
  0%|          | 0/10 [00:00<?, ?it/s] 10%|█         | 1/10 [00:15<02:21, 15.68s/it] 20%|██        | 2/10 [00:24<01:35, 11.94s/it] 30%|███       | 3/10 [00:34<01:15, 10.77s/it] 40%|████      | 4/10 [00:43<01:01, 10.24s/it] 50%|█████     | 5/10 [00:53<00:49,  9.96s/it] 60%|██████    | 6/10 [01:02<00:38,  9.74s/it] 70%|███████   | 7/10 [01:11<00:28,  9.60s/it] 80%|████████  | 8/10 [01:21<00:19,  9.52s/it] 90%|█████████ | 9/10 [01:30<00:09,  9.54s/it]100%|██████████| 10/10 [01:40<00:00,  9.49s/it]100%|██████████| 10/10 [01:40<00:00, 10.02s/it]
TRAINING DONE
TESTING STARTED
  0%|          | 0/10 [00:00<?, ?it/s] 10%|█         | 1/10 [00:14<02:14, 14.90s/it] 20%|██        | 2/10 [00:26<01:41, 12.69s/it] 30%|███       | 3/10 [00:37<01:24, 12.05s/it] 40%|████      | 4/10 [00:49<01:11, 11.91s/it] 50%|█████     | 5/10 [01:00<00:58, 11.62s/it] 60%|██████    | 6/10 [01:12<00:46, 11.74s/it] 70%|███████   | 7/10 [01:23<00:35, 11.74s/it] 80%|████████  | 8/10 [01:35<00:23, 11.63s/it] 90%|█████████ | 9/10 [01:47<00:11, 11.79s/it]100%|██████████| 10/10 [01:58<00:00, 11.63s/it]100%|██████████| 10/10 [01:58<00:00, 11.86s/it]
TESTING DONE
ViT_H_865_20x+50x_texture_pretrained_frozen_novote STARTED
DATA LOADED
MODEL LOADED
STEPS_PER_EPOCH: 3
VALIDATION STEPS: 1
SETUP DONE
TRAINING STARTED
  0%|          | 0/10 [00:00<?, ?it/s] 10%|█         | 1/10 [00:15<02:21, 15.73s/it] 20%|██        | 2/10 [00:25<01:35, 11.99s/it] 30%|███       | 3/10 [00:34<01:15, 10.79s/it] 40%|████      | 4/10 [00:43<01:01, 10.21s/it] 50%|█████     | 5/10 [00:53<00:49,  9.89s/it] 60%|██████    | 6/10 [01:02<00:38,  9.71s/it] 70%|███████   | 7/10 [01:11<00:28,  9.61s/it] 80%|████████  | 8/10 [01:21<00:19,  9.52s/it] 90%|█████████ | 9/10 [01:30<00:09,  9.48s/it]100%|██████████| 10/10 [01:39<00:00,  9.43s/it]100%|██████████| 10/10 [01:39<00:00,  9.99s/it]
TRAINING DONE
TESTING STARTED
  0%|          | 0/10 [00:00<?, ?it/s] 10%|█         | 1/10 [00:14<02:12, 14.75s/it] 20%|██        | 2/10 [00:27<01:46, 13.31s/it] 30%|███       | 3/10 [00:39<01:29, 12.74s/it] 40%|████      | 4/10 [00:50<01:14, 12.39s/it] 50%|█████     | 5/10 [01:02<01:01, 12.21s/it] 60%|██████    | 6/10 [01:14<00:47, 12.00s/it] 70%|███████   | 7/10 [01:26<00:35, 11.92s/it] 80%|████████  | 8/10 [01:37<00:23, 11.84s/it] 90%|█████████ | 9/10 [01:49<00:11, 11.67s/it]100%|██████████| 10/10 [02:00<00:00, 11.61s/it]100%|██████████| 10/10 [02:00<00:00, 12.06s/it]
TESTING DONE
ViT_H_865_20x+50x_texture_pretrained_unfrozen_vote STARTED
DATA LOADED
MODEL LOADED
STEPS_PER_EPOCH: 3
VALIDATION STEPS: 1
SETUP DONE
TRAINING STARTED
  0%|          | 0/10 [00:00<?, ?it/s] 10%|█         | 1/10 [00:29<04:29, 29.97s/it] 20%|██        | 2/10 [00:51<03:22, 25.29s/it] 30%|███       | 3/10 [01:14<02:46, 23.81s/it] 40%|████      | 4/10 [01:36<02:18, 23.11s/it] 50%|█████     | 5/10 [01:58<01:53, 22.79s/it] 60%|██████    | 6/10 [02:20<01:30, 22.54s/it] 70%|███████   | 7/10 [02:42<01:07, 22.40s/it] 80%|████████  | 8/10 [03:04<00:44, 22.30s/it] 90%|█████████ | 9/10 [03:26<00:22, 22.24s/it]100%|██████████| 10/10 [03:48<00:00, 22.21s/it]100%|██████████| 10/10 [03:48<00:00, 22.88s/it]
TRAINING DONE
TESTING STARTED
  0%|          | 0/10 [00:00<?, ?it/s] 10%|█         | 1/10 [00:15<02:22, 15.83s/it] 20%|██        | 2/10 [00:27<01:48, 13.62s/it] 30%|███       | 3/10 [00:40<01:30, 12.98s/it] 40%|████      | 4/10 [00:52<01:15, 12.56s/it] 50%|█████     | 5/10 [01:03<01:00, 12.19s/it] 60%|██████    | 6/10 [01:14<00:47, 11.83s/it] 70%|███████   | 7/10 [01:26<00:35, 11.74s/it] 80%|████████  | 8/10 [01:37<00:23, 11.63s/it] 90%|█████████ | 9/10 [01:49<00:11, 11.64s/it]100%|██████████| 10/10 [02:01<00:00, 11.74s/it]100%|██████████| 10/10 [02:01<00:00, 12.13s/it]
TESTING DONE
ViT_H_865_20x+50x_texture_pretrained_unfrozen_novote STARTED
DATA LOADED
MODEL LOADED
STEPS_PER_EPOCH: 3
VALIDATION STEPS: 1
SETUP DONE
TRAINING STARTED
  0%|          | 0/10 [00:00<?, ?it/s] 10%|█         | 1/10 [00:29<04:24, 29.36s/it] 20%|██        | 2/10 [00:51<03:20, 25.09s/it] 30%|███       | 3/10 [01:13<02:45, 23.70s/it] 40%|████      | 4/10 [01:35<02:18, 23.07s/it] 50%|█████     | 5/10 [01:57<01:53, 22.69s/it] 60%|██████    | 6/10 [02:19<01:29, 22.47s/it] 70%|███████   | 7/10 [02:41<01:06, 22.32s/it] 80%|████████  | 8/10 [03:03<00:44, 22.23s/it] 90%|█████████ | 9/10 [03:25<00:22, 22.19s/it]100%|██████████| 10/10 [03:47<00:00, 22.16s/it]100%|██████████| 10/10 [03:47<00:00, 22.79s/it]
TRAINING DONE
TESTING STARTED
  0%|          | 0/10 [00:00<?, ?it/s] 10%|█         | 1/10 [00:14<02:12, 14.75s/it] 20%|██        | 2/10 [00:26<01:41, 12.73s/it] 30%|███       | 3/10 [00:38<01:28, 12.64s/it] 40%|████      | 4/10 [00:49<01:12, 12.08s/it] 50%|█████     | 5/10 [01:01<01:00, 12.03s/it] 60%|██████    | 6/10 [01:13<00:47, 11.81s/it] 70%|███████   | 7/10 [01:24<00:35, 11.77s/it] 80%|████████  | 8/10 [01:36<00:23, 11.65s/it] 90%|█████████ | 9/10 [01:48<00:11, 11.72s/it]100%|██████████| 10/10 [01:59<00:00, 11.66s/it]100%|██████████| 10/10 [01:59<00:00, 11.96s/it]
TESTING DONE
ViT_H_865_20x+50x_heightmap_pretrained_frozen_vote STARTED
DATA LOADED
MODEL LOADED
STEPS_PER_EPOCH: 3
VALIDATION STEPS: 1
SETUP DONE
TRAINING STARTED
  0%|          | 0/10 [00:00<?, ?it/s] 10%|█         | 1/10 [00:16<02:29, 16.63s/it] 20%|██        | 2/10 [00:25<01:38, 12.36s/it] 30%|███       | 3/10 [00:35<01:16, 10.99s/it] 40%|████      | 4/10 [00:44<01:02, 10.36s/it] 50%|█████     | 5/10 [00:54<00:50, 10.03s/it] 60%|██████    | 6/10 [01:03<00:39,  9.83s/it] 70%|███████   | 7/10 [01:13<00:29,  9.71s/it] 80%|████████  | 8/10 [01:22<00:19,  9.59s/it] 90%|█████████ | 9/10 [01:31<00:09,  9.52s/it]100%|██████████| 10/10 [01:41<00:00,  9.48s/it]100%|██████████| 10/10 [01:41<00:00, 10.12s/it]
TRAINING DONE
TESTING STARTED
  0%|          | 0/10 [00:00<?, ?it/s] 10%|█         | 1/10 [00:15<02:18, 15.35s/it] 20%|██        | 2/10 [00:27<01:46, 13.27s/it] 30%|███       | 3/10 [00:39<01:30, 12.99s/it] 40%|████      | 4/10 [00:51<01:15, 12.64s/it] 50%|█████     | 5/10 [01:03<01:00, 12.16s/it] 60%|██████    | 6/10 [01:14<00:47, 11.83s/it] 70%|███████   | 7/10 [01:25<00:34, 11.59s/it] 80%|████████  | 8/10 [01:36<00:22, 11.47s/it] 90%|█████████ | 9/10 [01:48<00:11, 11.46s/it]100%|██████████| 10/10 [01:59<00:00, 11.50s/it]100%|██████████| 10/10 [01:59<00:00, 11.97s/it]
TESTING DONE
ViT_H_865_20x+50x_heightmap_pretrained_frozen_novote STARTED
DATA LOADED
MODEL LOADED
STEPS_PER_EPOCH: 3
VALIDATION STEPS: 1
SETUP DONE
TRAINING STARTED
  0%|          | 0/10 [00:00<?, ?it/s] 10%|█         | 1/10 [00:16<02:29, 16.64s/it] 20%|██        | 2/10 [00:25<01:38, 12.32s/it] 30%|███       | 3/10 [00:35<01:16, 10.97s/it] 40%|████      | 4/10 [00:44<01:02, 10.44s/it] 50%|█████     | 5/10 [00:54<00:50, 10.08s/it] 60%|██████    | 6/10 [01:03<00:39,  9.87s/it] 70%|███████   | 7/10 [01:13<00:29,  9.70s/it] 80%|████████  | 8/10 [01:22<00:19,  9.59s/it] 90%|█████████ | 9/10 [01:31<00:09,  9.52s/it]100%|██████████| 10/10 [01:41<00:00,  9.46s/it]100%|██████████| 10/10 [01:41<00:00, 10.12s/it]
TRAINING DONE
TESTING STARTED
  0%|          | 0/10 [00:00<?, ?it/s] 10%|█         | 1/10 [00:15<02:18, 15.38s/it] 20%|██        | 2/10 [00:26<01:41, 12.67s/it] 30%|███       | 3/10 [00:37<01:25, 12.27s/it] 40%|████      | 4/10 [00:49<01:11, 11.93s/it] 50%|█████     | 5/10 [01:00<00:58, 11.78s/it] 60%|██████    | 6/10 [01:11<00:46, 11.55s/it] 70%|███████   | 7/10 [01:24<00:35, 11.73s/it] 80%|████████  | 8/10 [01:35<00:23, 11.62s/it] 90%|█████████ | 9/10 [01:47<00:11, 11.72s/it]100%|██████████| 10/10 [01:59<00:00, 11.79s/it]100%|██████████| 10/10 [01:59<00:00, 11.94s/it]
TESTING DONE
ViT_H_865_20x+50x_heightmap_pretrained_unfrozen_vote STARTED
DATA LOADED
MODEL LOADED
STEPS_PER_EPOCH: 3
VALIDATION STEPS: 1
SETUP DONE
TRAINING STARTED
  0%|          | 0/10 [00:00<?, ?it/s] 10%|█         | 1/10 [00:29<04:28, 29.85s/it] 20%|██        | 2/10 [00:51<03:22, 25.27s/it] 30%|███       | 3/10 [01:14<02:46, 23.83s/it] 40%|████      | 4/10 [01:36<02:18, 23.12s/it] 50%|█████     | 5/10 [01:58<01:54, 22.82s/it] 60%|██████    | 6/10 [02:20<01:30, 22.54s/it] 70%|███████   | 7/10 [02:42<01:07, 22.38s/it] 80%|████████  | 8/10 [03:04<00:44, 22.29s/it] 90%|█████████ | 9/10 [03:26<00:22, 22.21s/it]100%|██████████| 10/10 [03:48<00:00, 22.19s/it]100%|██████████| 10/10 [03:48<00:00, 22.87s/it]
TRAINING DONE
TESTING STARTED
  0%|          | 0/10 [00:00<?, ?it/s] 10%|█         | 1/10 [00:15<02:19, 15.47s/it] 20%|██        | 2/10 [00:26<01:44, 13.06s/it] 30%|███       | 3/10 [00:38<01:27, 12.57s/it] 40%|████      | 4/10 [00:50<01:12, 12.06s/it] 50%|█████     | 5/10 [01:01<00:59, 11.86s/it] 60%|██████    | 6/10 [01:13<00:46, 11.73s/it] 70%|███████   | 7/10 [01:24<00:34, 11.57s/it] 80%|████████  | 8/10 [01:35<00:22, 11.43s/it] 90%|█████████ | 9/10 [01:46<00:11, 11.40s/it]100%|██████████| 10/10 [01:58<00:00, 11.34s/it]100%|██████████| 10/10 [01:58<00:00, 11.80s/it]
TESTING DONE
ViT_H_865_20x+50x_heightmap_pretrained_unfrozen_novote STARTED
DATA LOADED
MODEL LOADED
STEPS_PER_EPOCH: 3
VALIDATION STEPS: 1
SETUP DONE
TRAINING STARTED
  0%|          | 0/10 [00:00<?, ?it/s] 10%|█         | 1/10 [00:29<04:29, 29.90s/it] 20%|██        | 2/10 [00:52<03:23, 25.39s/it] 30%|███       | 3/10 [01:14<02:46, 23.86s/it] 40%|████      | 4/10 [01:36<02:18, 23.15s/it] 50%|█████     | 5/10 [01:58<01:53, 22.76s/it] 60%|██████    | 6/10 [02:20<01:30, 22.51s/it] 70%|███████   | 7/10 [02:42<01:07, 22.36s/it] 80%|████████  | 8/10 [03:04<00:44, 22.26s/it] 90%|█████████ | 9/10 [03:26<00:22, 22.20s/it]100%|██████████| 10/10 [03:48<00:00, 22.14s/it]100%|██████████| 10/10 [03:48<00:00, 22.85s/it]
TRAINING DONE
TESTING STARTED
  0%|          | 0/10 [00:00<?, ?it/s] 10%|█         | 1/10 [00:15<02:18, 15.34s/it] 20%|██        | 2/10 [00:27<01:48, 13.59s/it] 30%|███       | 3/10 [00:39<01:29, 12.72s/it] 40%|████      | 4/10 [00:51<01:13, 12.29s/it] 50%|█████     | 5/10 [01:02<00:59, 11.97s/it] 60%|██████    | 6/10 [01:14<00:47, 11.92s/it] 70%|███████   | 7/10 [01:25<00:35, 11.72s/it] 80%|████████  | 8/10 [01:37<00:23, 11.64s/it] 90%|█████████ | 9/10 [01:48<00:11, 11.64s/it]100%|██████████| 10/10 [02:00<00:00, 11.74s/it]100%|██████████| 10/10 [02:00<00:00, 12.06s/it]
TESTING DONE
